2021-07-15 22:42:16:4216 [31merror[39m: [31mtrue[39m
2021-07-15 22:42:36:4236 [31merror[39m: [31mresult is not defined[39m
2021-07-15 22:44:56:4456 [31merror[39m: [31mConverting circular structure to JSON[39m
2021-07-15 23:15:26:1526 [31merror[39m: [31mresult is not defined[39m
2021-07-15 23:24:34:2434 [31merror[39m: [31mdata is not defined[39m
2021-07-15 23:36:57:3657 [31merror[39m: [31mCannot read property 'path' of undefined[39m
2021-07-16 00:04:21:421 [31merror[39m: [31mCannot read property 'path' of undefined[39m
2021-07-16 00:04:58:458 [31merror[39m: [31mCannot read property 'path' of undefined[39m
2021-07-16 00:05:06:56 [31merror[39m: [31mCannot read property 'path' of undefined[39m
2021-07-16 00:05:45:545 [31merror[39m: [31mCannot read property 'path' of undefined[39m
2021-07-16 00:05:47:547 [31merror[39m: [31mCannot read property 'path' of undefined[39m
2021-07-16 00:06:17:617 [31merror[39m: [31mCannot read property 'path' of undefined[39m
2021-07-16 00:06:29:629 [31merror[39m: [31mCannot read property 'path' of undefined[39m
2021-07-16 00:08:06:86 [31merror[39m: [31mCannot read property 'path' of undefined[39m
2021-07-16 00:08:41:841 [31merror[39m: [31mproduk harga dan produk terjual harus berupa number[39m
2021-07-16 00:10:54:1054 [31merror[39m: [31mcolumn "undefined" does not exist[39m
2021-07-16 00:18:56:1856 [31merror[39m: [31mcolumn "undefined" does not exist[39m
2021-07-16 00:19:51:1951 [31merror[39m: [31mcolumn "undefined" does not exist[39m
2021-07-16 00:20:33:2033 [31merror[39m: [31mcolumn "undefined" does not exist[39m
2021-07-17 14:45:17:4517 [31merror[39m: [31mcolumn "produk_terjual" cannot be cast automatically to type integer[39m
2021-07-17 15:32:17:3217 [31merror[39m: [31mdb.query is not a function[39m
2021-07-17 15:32:53:3253 [31merror[39m: [31mdb.query is not a function[39m
2021-07-17 15:33:55:3355 [31merror[39m: [31mdb.query is not a function[39m
2021-07-17 15:37:53:3753 [31merror[39m: [31mcolumn products.DESC does not exist[39m
2021-07-17 16:56:50:5650 [31merror[39m: [31mcolumn categories.DESC does not exist[39m
2021-07-17 16:57:32:5732 [31merror[39m: [31mcolumn categories.DESC does not exist[39m
2021-07-17 16:58:50:5850 [31merror[39m: [31mmodel.getbyEmailCS is not a function[39m
2021-07-17 17:01:36:136 [31merror[39m: [31mcolumn categories.DESC does not exist[39m
2021-07-17 21:20:53:2053 [31merror[39m: [31mDependency name must be given as a not empty string[39m
2021-07-17 21:40:37:4037 [31merror[39m: [31mmodel.addData is not a function[39m
2021-07-17 21:41:31:4131 [31merror[39m: [31mnotNull Violation: products.produk_kategori_id cannot be null[39m
2021-07-17 21:42:02:422 [31merror[39m: [31mnotNull Violation: products.produk_kategori_id cannot be null[39m
2021-07-17 21:42:38:4238 [31merror[39m: [31mcolumn categories.DESC does not exist[39m
2021-07-17 21:44:55:4455 [31merror[39m: [31mnotNull Violation: products.produk_kategori_id cannot be null[39m
2021-07-17 21:45:42:4542 [31merror[39m: [31mnotNull Violation: products.produk_kategori_id cannot be null[39m
2021-07-17 21:53:20:5320 [31merror[39m: [31mnotNull Violation: products.produk_kategori_id cannot be null[39m
2021-07-17 21:53:49:5349 [31merror[39m: [31mnotNull Violation: products.produk_kategori_id cannot be null[39m
2021-07-17 21:55:20:5520 [31merror[39m: [31mvalue too long for type character varying(100)[39m
2021-07-17 21:56:32:5632 [31merror[39m: [31mredisDb is not defined[39m
2021-07-17 21:57:07:577 [31merror[39m: [31mnotNull Violation: products.produk_kategori_id cannot be null[39m
2021-07-17 21:58:05:585 [31merror[39m: [31mnotNull Violation: products.produk_kategori_id cannot be null[39m
2021-07-17 21:58:19:5819 [31merror[39m: [31mcolumn categories.DESC does not exist[39m
2021-07-17 22:01:32:132 [31merror[39m: [31mnotNull Violation: products.produk_kategori_id cannot be null[39m
2021-07-17 22:04:04:44 [31merror[39m: [31mcolumn categories.DESC does not exist[39m
2021-07-17 22:07:02:72 [31merror[39m: [31minsert or update on table "products" violates foreign key constraint "products_produk_kategori_id_fkey"[39m
2021-07-17 22:07:56:756 [31merror[39m: [31mredisDb is not defined[39m
2021-07-17 22:08:34:834 [31merror[39m: [31minsert or update on table "products" violates foreign key constraint "products_produk_kategori_id_fkey"[39m
2021-07-17 22:30:32:3032 [31merror[39m: [31mcolumn products.DESC does not exist[39m
2021-07-17 22:30:35:3035 [31merror[39m: [31mcolumn products.DESC does not exist[39m
2021-07-17 22:32:41:3241 [31merror[39m: [31minsert or update on table "products" violates foreign key constraint "products_produk_kategori_id_fkey"[39m
2021-07-17 22:39:53:3953 [31merror[39m: [31mcolumn categories.DESC does not exist[39m
2021-07-17 22:53:28:5328 [31merror[39m: [31mmodel.getbyEmail is not a function[39m
2021-07-17 23:43:24:4324 [31merror[39m: [31mvalue too long for type character varying(50)[39m
2021-07-17 23:51:44:5144 [31merror[39m: [31mnotNull Violation: users.email cannot be null,[39m
[31mnotNull Violation: users.name cannot be null,[39m
[31mnotNull Violation: users.password cannot be null[39m
2021-07-17 23:52:17:5217 [31merror[39m: [31mnotNull Violation: users.email cannot be null,[39m
[31mnotNull Violation: users.name cannot be null,[39m
[31mnotNull Violation: users.password cannot be null[39m
2021-07-17 23:52:41:5241 [31merror[39m: [31mnotNull Violation: users.email cannot be null,[39m
[31mnotNull Violation: users.name cannot be null,[39m
[31mnotNull Violation: users.password cannot be null[39m
2021-07-17 23:58:02:582 [31merror[39m: [31mnotNull Violation: users.email cannot be null,[39m
[31mnotNull Violation: users.name cannot be null,[39m
[31mnotNull Violation: users.password cannot be null[39m
2021-07-17 23:59:14:5914 [31merror[39m: [31mnotNull Violation: users.email cannot be null,[39m
[31mnotNull Violation: users.name cannot be null,[39m
[31mnotNull Violation: users.password cannot be null[39m
2021-07-18 00:03:33:333 [31merror[39m: [31mthis.table.delete is not a function[39m
2021-07-18 00:13:49:1349 [31merror[39m: [31mMissing where or truncate attribute in the options parameter of model.destroy.[39m
2021-07-18 00:14:57:1457 [31merror[39m: [31mWHERE parameter "kategori_id" has invalid "undefined" value[39m
2021-07-18 00:15:01:151 [31merror[39m: [31mWHERE parameter "kategori_id" has invalid "undefined" value[39m
2021-07-18 00:15:04:154 [31merror[39m: [31mWHERE parameter "kategori_id" has invalid "undefined" value[39m
2021-07-18 00:18:09:189 [31merror[39m: [31minvalid input syntax for type integer: "${kategori_id}"[39m
2021-07-18 00:18:51:1851 [31merror[39m: [31mres.toJSON is not a function[39m
2021-07-18 00:19:26:1926 [31merror[39m: [31mres.toJSON is not a function[39m
2021-07-18 00:20:37:2037 [31merror[39m: [31mWHERE parameter "kategori_id" has invalid "undefined" value[39m
2021-07-18 00:21:24:2124 [31merror[39m: [31mres.toJSON is not a function[39m
2021-07-18 00:22:18:2218 [31merror[39m: [31mres.toJSON is not a function[39m
2021-07-18 00:24:44:2444 [31merror[39m: [31minvalid input syntax for type integer: "j"[39m
2021-07-18 00:34:15:3415 [31merror[39m: [31mzero-length delimited identifier at or near """"[39m
2021-07-18 00:40:14:4014 [31merror[39m: [31mmodel.rmData is not a function[39m
2021-07-18 00:42:50:4250 [31merror[39m: [31mmodel.rmData is not a function[39m
2021-07-18 00:47:00:470 [31merror[39m: [31mmodel.rmData is not a function[39m
2021-07-18 00:59:02:592 [31merror[39m: [31mmodel.update is not a function[39m
2021-07-18 00:59:21:5921 [31merror[39m: [31mkategori_id is not defined[39m
2021-07-18 01:00:29:029 [31merror[39m: [31mkategori_id is not defined[39m
2021-07-18 01:00:50:050 [31merror[39m: [31mres.toJSON is not a function[39m
2021-07-18 01:01:51:151 [31merror[39m: [31mMissing where attribute in the options parameter[39m
2021-07-18 01:14:16:1416 [31merror[39m: [31mnotNull Violation: users.email cannot be null,[39m
[31mnotNull Violation: users.name cannot be null,[39m
[31mnotNull Violation: users.password cannot be null[39m
2021-07-18 01:16:59:1659 [31merror[39m: [31mnotNull Violation: users.email cannot be null,[39m
[31mnotNull Violation: users.name cannot be null,[39m
[31mnotNull Violation: users.password cannot be null[39m
2021-07-18 01:35:21:3521 [31merror[39m: [31minsert or update on table "bags" violates foreign key constraint "bags_bag_produk_id_fkey"[39m
2021-07-18 10:51:30:5130 [31merror[39m: [31minsert or update on table "bags" violates foreign key constraint "bags_bag_produk_id_fkey"[39m
2021-07-18 10:57:08:578 [31merror[39m: [31minsert or update on table "bags" violates foreign key constraint "bags_bag_produk_id_fkey"[39m
2021-07-18 11:09:40:940 [31merror[39m: [31mproduk terjual dan produk harga harus berupa number[39m
2021-07-18 11:11:14:1114 [31merror[39m: [31mproduk terjual dan produk harga harus berupa number[39m
2021-07-18 11:11:25:1125 [31merror[39m: [31mproduk terjual dan produk harga harus berupa number[39m
2021-07-18 11:11:43:1143 [31merror[39m: [31minsert or update on table "products" violates foreign key constraint "products_produk_kategori_id_fkey"[39m
2021-07-18 11:12:24:1224 [31merror[39m: [31minsert or update on table "bags" violates foreign key constraint "bags_bag_produk_id_fkey"[39m
2021-07-18 11:12:36:1236 [31merror[39m: [31mnotNull Violation: bags.bag_produk_id cannot be null[39m
2021-07-18 11:13:04:134 [31merror[39m: [31minsert or update on table "bags" violates foreign key constraint "bags_bag_produk_id_fkey"[39m
2021-07-18 11:13:21:1321 [31merror[39m: [31minsert or update on table "bags" violates foreign key constraint "bags_bag_produk_id_fkey"[39m
2021-07-18 11:23:17:2317 [31merror[39m: [31minsert or update on table "bags" violates foreign key constraint "bags_bag_produk_id_fkey"[39m
2021-07-18 11:24:15:2415 [31merror[39m: [31minsert or update on table "bags" violates foreign key constraint "bags_bag_produk_id_fkey"[39m
2021-07-18 11:24:24:2424 [31merror[39m: [31minsert or update on table "bags" violates foreign key constraint "bags_bag_produk_id_fkey"[39m
2021-07-18 11:24:51:2451 [31merror[39m: [31mnotNull Violation: bags.bag_produk_id cannot be null[39m
2021-07-18 11:25:40:2540 [31merror[39m: [31mnotNull Violation: bags.bag_produk_id cannot be null[39m
2021-07-18 11:25:47:2547 [31merror[39m: [31minsert or update on table "bags" violates foreign key constraint "bags_bag_produk_id_fkey"[39m
2021-07-18 11:27:47:2747 [31merror[39m: [31mnotNull Violation: bags.bag_produk_id cannot be null[39m
2021-07-18 11:29:03:293 [31merror[39m: [31minsert or update on table "bags" violates foreign key constraint "bags_bag_produk_id_fkey"[39m
2021-07-18 11:30:24:3024 [31merror[39m: [31mnotNull Violation: bags.bag_produk_id cannot be null[39m
2021-07-18 11:34:17:3417 [31merror[39m: [31minsert or update on table "bags" violates foreign key constraint "bags_bag_produk_id_fkey"[39m
2021-07-18 11:35:00:350 [31merror[39m: [31mnotNull Violation: bags.bag_produk_id cannot be null[39m
2021-07-18 11:39:44:3944 [31merror[39m: [31mMissing where attribute in the options parameter[39m
2021-07-18 11:51:58:5158 [31merror[39m: [31minvalid input syntax for type integer: "[object Object]"[39m
2021-07-18 11:52:33:5233 [31merror[39m: [31minvalid input syntax for type integer: "[object Object]"[39m
2021-07-18 11:53:19:5319 [31merror[39m: [31minvalid input syntax for type integer: "[object Object]"[39m
2021-07-18 11:55:35:5535 [31merror[39m: [31mstring violation: kategori_nama cannot be an array or an object[39m
2021-07-18 11:55:50:5550 [31merror[39m: [31mstring violation: kategori_nama cannot be an array or an object[39m
2021-07-18 13:40:08:408 [31merror[39m: [31mnotNull Violation: customers.email cannot be null,[39m
[31mnotNull Violation: customers.name cannot be null,[39m
[31mnotNull Violation: customers.password cannot be null[39m
2021-07-18 13:49:41:4941 [31merror[39m: [31mnotNull Violation: customers.name cannot be null[39m
2021-07-18 13:50:13:5013 [31merror[39m: [31mnotNull Violation: customers.email cannot be null,[39m
[31mnotNull Violation: customers.name cannot be null,[39m
[31mnotNull Violation: customers.password cannot be null[39m
2021-07-18 14:13:41:1341 [31merror[39m: [31mmodel.getAllAdress is not a function[39m
2021-07-18 14:16:40:1640 [31merror[39m: [31mcolumn "customer_id" referenced in foreign key constraint does not exist[39m
2021-07-18 14:18:06:186 [31merror[39m: [31mforeign key constraint "addresses_address_email_fkey" cannot be implemented[39m
2021-07-18 14:19:40:1940 [31merror[39m: [31mforeign key constraint "addresses_address_email_fkey" cannot be implemented[39m
2021-07-18 14:20:24:2024 [31merror[39m: [31mforeign key constraint "addresses_address_email_fkey" cannot be implemented[39m
2021-07-18 14:20:30:2030 [31merror[39m: [31mforeign key constraint "addresses_address_email_fkey" cannot be implemented[39m
2021-07-18 14:24:31:2431 [31merror[39m: [31mcustomer is not defined[39m
2021-07-18 14:25:46:2546 [31merror[39m: [31mnotNull Violation: address.address_tempat cannot be null,[39m
[31mnotNull Violation: address.address_nama cannot be null,[39m
[31mnotNull Violation: address.address_telepon cannot be null,[39m
[31mnotNull Violation: address.address_alamat cannot be null,[39m
[31mnotNull Violation: address.address_email cannot be null[39m
2021-07-18 14:30:58:3058 [31merror[39m: [31mnotNull Violation: address.address_tempat cannot be null,[39m
[31mnotNull Violation: address.address_nama cannot be null,[39m
[31mnotNull Violation: address.address_telepon cannot be null,[39m
[31mnotNull Violation: address.address_alamat cannot be null,[39m
[31mnotNull Violation: address.address_email cannot be null[39m
2021-07-18 14:31:18:3118 [31merror[39m: [31mnotNull Violation: address.address_tempat cannot be null,[39m
[31mnotNull Violation: address.address_nama cannot be null,[39m
[31mnotNull Violation: address.address_telepon cannot be null,[39m
[31mnotNull Violation: address.address_alamat cannot be null,[39m
[31mnotNull Violation: address.address_email cannot be null[39m
2021-07-18 14:32:23:3223 [31merror[39m: [31mnotNull Violation: address.address_tempat cannot be null,[39m
[31mnotNull Violation: address.address_nama cannot be null,[39m
[31mnotNull Violation: address.address_telepon cannot be null,[39m
[31mnotNull Violation: address.address_alamat cannot be null,[39m
[31mnotNull Violation: address.address_kota cannot be null,[39m
[31mnotNull Violation: address.address_email cannot be null[39m
2021-07-18 14:37:15:3715 [31merror[39m: [31mvalue "087643897531" is out of range for type integer[39m
2021-07-18 14:38:29:3829 [31merror[39m: [31mvalue "087643897531" is out of range for type integer[39m
2021-07-18 14:38:45:3845 [31merror[39m: [31mvalue "087643897531" is out of range for type integer[39m
2021-07-18 14:39:14:3914 [31merror[39m: [31mvalue "62876438971" is out of range for type integer[39m
2021-07-18 14:39:46:3946 [31merror[39m: [31minsert or update on table "addresses" violates foreign key constraint "addresses_address_email_fkey"[39m
2021-07-18 14:40:26:4026 [31merror[39m: [31minsert or update on table "addresses" violates foreign key constraint "addresses_address_email_fkey"[39m
2021-07-18 14:41:50:4150 [31merror[39m: [31minsert or update on table "addresses" violates foreign key constraint "addresses_address_email_fkey"[39m
2021-07-18 14:43:05:435 [31merror[39m: [31minsert or update on table "addresses" violates foreign key constraint "addresses_address_email_fkey"[39m
2021-07-18 14:44:17:4417 [31merror[39m: [31mnotNull Violation: address.address_email cannot be null[39m
2021-07-18 14:56:41:5641 [31merror[39m: [31mValidation error[39m
2021-07-18 14:57:17:5717 [31merror[39m: [31mnotNull Violation: customers.email cannot be null,[39m
[31mnotNull Violation: customers.name cannot be null,[39m
[31mnotNull Violation: customers.password cannot be null[39m
2021-07-18 19:07:50:750 [31merror[39m: [31mInvalid value { name: 'Iyal' }[39m
2021-07-18 19:17:26:1726 [31merror[39m: [31minsert or update on table "addresses" violates foreign key constraint "addresses_address_email_fkey"[39m
2021-07-18 19:59:38:5938 [31merror[39m: [31mCannot read property 'path' of undefined[39m
2021-07-18 20:02:08:28 [31merror[39m: [31mCannot read property 'path' of undefined[39m
2021-07-18 20:03:31:331 [31merror[39m: [31mCannot read property 'path' of undefined[39m
2021-07-18 20:08:03:83 [31merror[39m: [31mCannot read property 'path' of undefined[39m
2021-07-19 05:22:24:2224 [31merror[39m: [31mCannot read property 'path' of undefined[39m
2021-07-19 05:27:20:2720 [31merror[39m: [31mvalue too long for type character varying(10)[39m
2021-07-19 05:28:17:2817 [31merror[39m: [31mnotNull Violation: customers.email cannot be null,[39m
[31mnotNull Violation: customers.name cannot be null,[39m
[31mnotNull Violation: customers.password cannot be null[39m
2021-07-19 05:29:07:297 [31merror[39m: [31mCannot read property 'password' of undefined[39m
2021-07-19 05:29:59:2959 [31merror[39m: [31mnotNull Violation: customers.email cannot be null,[39m
[31mnotNull Violation: customers.name cannot be null,[39m
[31mnotNull Violation: customers.password cannot be null[39m
2021-07-19 05:31:10:3110 [31merror[39m: [31mnotNull Violation: seller.email cannot be null,[39m
[31mnotNull Violation: seller.name cannot be null,[39m
[31mnotNull Violation: seller.phone_number cannot be null,[39m
[31mnotNull Violation: seller.store_name cannot be null,[39m
[31mnotNull Violation: seller.password cannot be null[39m
2021-07-19 05:32:55:3255 [31merror[39m: [31mCannot read property 'password' of undefined[39m
2021-07-19 05:35:56:3556 [31merror[39m: [31mCannot read property 'password' of undefined[39m
2021-07-19 06:10:19:1019 [31merror[39m: [31minsert or update on table "addresses" violates foreign key constraint "addresses_address_email_fkey"[39m
2021-07-19 08:20:40:2040 [31merror[39m: [31mstring violation: kategori_nama cannot be an array or an object[39m
2021-07-19 08:20:47:2047 [31merror[39m: [31mstring violation: kategori_nama cannot be an array or an object[39m
2021-07-19 08:23:16:2316 [31merror[39m: [31mWHERE parameter "kategori_id" has invalid "undefined" value[39m
2021-07-19 08:24:10:2410 [31merror[39m: [31mkategori_id is not defined[39m
2021-07-19 08:24:29:2429 [31merror[39m: [31mWHERE parameter "kategori_id" has invalid "undefined" value[39m
2021-07-19 08:24:55:2455 [31merror[39m: [31mWHERE parameter "kategori_id" has invalid "undefined" value[39m
2021-07-19 08:50:52:5052 [31merror[39m: [31mdata and salt arguments required[39m
2021-07-19 08:52:38:5238 [31merror[39m: [31mdata and salt arguments required[39m
2021-07-20 14:51:55:5155 [31merror[39m: [31mValidation error[39m
2021-07-20 14:54:15:5415 [31merror[39m: [31mValidation error[39m
2021-07-20 14:54:40:5440 [31merror[39m: [31mValidation error[39m
2021-07-20 14:54:51:5451 [31merror[39m: [31mValidation error[39m
2021-07-20 14:55:04:554 [31merror[39m: [31mzero-length delimited identifier at or near """"[39m
2021-07-20 14:55:27:5527 [31merror[39m: [31minsert or update on table "products" violates foreign key constraint "products_produk_kategori_id_fkey"[39m
2021-07-20 14:56:18:5618 [31merror[39m: [31mzero-length delimited identifier at or near """"[39m
2021-07-20 14:58:01:581 [31merror[39m: [31mValidation error[39m
2021-07-20 15:00:24:024 [31merror[39m: [31mcolumn products.data does not exist[39m
2021-07-20 15:08:12:812 [31merror[39m: [31mcolumn products.kategori_nama does not exist[39m
2021-07-20 15:09:55:955 [31merror[39m: [31mcolumn products.kategori_nama does not exist[39m
2021-07-20 15:10:56:1056 [31merror[39m: [31mcolumn products.kategori_nama does not exist[39m
2021-07-20 15:11:46:1146 [31merror[39m: [31mcolumn products.kategori_nama does not exist[39m
2021-07-20 15:38:53:3853 [31merror[39m: [31mproduk_toko is not defined[39m
2021-07-20 15:39:59:3959 [31merror[39m: [31mproduk_toko is not defined[39m
2021-07-20 15:40:56:4056 [31merror[39m: [31mproduk_terjual is not defined[39m
2021-07-20 15:58:28:5828 [31merror[39m: [31mValidation error[39m
2021-07-20 22:13:48:1348 [31merror[39m: [31mCannot read property 'path' of undefined[39m
2021-07-20 22:15:38:1538 [31merror[39m: [31mCannot read property 'path' of undefined[39m
2021-07-20 22:16:12:1612 [31merror[39m: [31mCannot read property 'path' of undefined[39m
2021-07-20 22:16:51:1651 [31merror[39m: [31mCannot read property 'path' of undefined[39m
2021-07-20 22:26:48:2648 [31merror[39m: [31mCannot read property 'path' of undefined[39m
2021-07-20 22:27:53:2753 [31merror[39m: [31mCannot read property 'path' of undefined[39m
2021-07-20 22:28:33:2833 [31merror[39m: [31mCannot read property 'path' of undefined[39m
2021-07-20 22:32:40:3240 [31merror[39m: [31mCannot read property 'path' of undefined[39m
2021-07-20 22:33:13:3313 [31merror[39m: [31mCannot read property 'path' of undefined[39m
2021-07-20 22:33:36:3336 [31merror[39m: [31mCannot read property 'path' of undefined[39m
2021-07-20 22:38:51:3851 [31merror[39m: [31mCannot read property 'path' of undefined[39m
2021-07-20 22:41:04:414 [31merror[39m: [31mCannot read property 'path' of undefined[39m
2021-07-20 22:41:55:4155 [31merror[39m: [31mCannot read property 'path' of undefined[39m
2021-07-20 22:42:27:4227 [31merror[39m: [31mCannot read property 'path' of undefined[39m
2021-07-20 22:43:21:4321 [31merror[39m: [31mCannot read property 'path' of undefined[39m
2021-07-20 22:43:21:4321 [31merror[39m: [31mCannot read property 'path' of undefined[39m
2021-07-20 22:43:54:4354 [31merror[39m: [31mCannot read property 'path' of undefined[39m
2021-07-20 22:43:54:4354 [31merror[39m: [31mCannot read property 'path' of undefined[39m
2021-07-20 22:50:53:5053 [31merror[39m: [31mCannot read property 'path' of undefined[39m
2021-07-20 22:50:54:5054 [31merror[39m: [31mCannot read property 'path' of undefined[39m
2021-07-20 23:02:07:27 [31merror[39m: [31mCannot read property 'path' of undefined[39m
2021-07-20 23:02:07:27 [31merror[39m: [31mCannot read property 'path' of undefined[39m
2021-07-20 23:02:07:27 [31merror[39m: [31mCannot read property 'path' of undefined[39m
2021-07-20 23:04:03:43 [31merror[39m: [31mCannot read property 'path' of undefined[39m
2021-07-20 23:04:03:43 [31merror[39m: [31mCannot read property 'path' of undefined[39m
2021-07-20 23:04:03:43 [31merror[39m: [31mCannot read property 'path' of undefined[39m
2021-07-20 23:04:43:443 [31merror[39m: [31mCannot read property 'path' of undefined[39m
2021-07-20 23:04:43:443 [31merror[39m: [31mCannot read property 'path' of undefined[39m
2021-07-20 23:04:43:443 [31merror[39m: [31mCannot read property 'path' of undefined[39m
2021-07-20 23:05:46:546 [31merror[39m: [31mCannot read property 'path' of undefined[39m
2021-07-20 23:05:46:546 [31merror[39m: [31mCannot read property 'path' of undefined[39m
2021-07-20 23:05:46:546 [31merror[39m: [31mCannot read property 'path' of undefined[39m
2021-07-20 23:06:22:622 [31merror[39m: [31mCannot read property 'path' of undefined[39m
2021-07-20 23:06:22:622 [31merror[39m: [31mCannot read property 'path' of undefined[39m
2021-07-20 23:06:22:622 [31merror[39m: [31mCannot read property 'path' of undefined[39m
2021-07-20 23:15:19:1519 [31merror[39m: [31mCannot read property 'path' of undefined[39m
2021-07-20 23:15:19:1519 [31merror[39m: [31mCannot read property 'path' of undefined[39m
2021-07-20 23:16:02:162 [31merror[39m: [31mCannot read property 'path' of undefined[39m
2021-07-20 23:16:02:162 [31merror[39m: [31mCannot read property 'path' of undefined[39m
2021-07-20 23:17:05:175 [31merror[39m: [31mCannot read property 'path' of undefined[39m
2021-07-20 23:17:05:175 [31merror[39m: [31mCannot read property 'path' of undefined[39m
2021-07-20 23:17:27:1727 [31merror[39m: [31mCannot read property 'path' of undefined[39m
2021-07-20 23:17:27:1727 [31merror[39m: [31mCannot read property 'path' of undefined[39m
2021-07-20 23:19:57:1957 [31merror[39m: [31mCannot read property 'path' of undefined[39m
2021-07-20 23:19:57:1957 [31merror[39m: [31mCannot read property 'path' of undefined[39m
2021-07-20 23:20:19:2019 [31merror[39m: [31mCannot read property 'path' of undefined[39m
2021-07-20 23:20:19:2019 [31merror[39m: [31mCannot read property 'path' of undefined[39m
2021-07-20 23:35:27:3527 [31merror[39m: [31mCannot read property 'path' of undefined[39m
2021-07-20 23:35:27:3527 [31merror[39m: [31mCannot read property 'path' of undefined[39m
2021-07-20 23:36:11:3611 [31merror[39m: [31mCannot read property 'path' of undefined[39m
2021-07-20 23:36:11:3611 [31merror[39m: [31mCannot read property 'path' of undefined[39m
2021-07-20 23:39:09:399 [31merror[39m: [31mCannot read property 'path' of undefined[39m
2021-07-20 23:39:09:399 [31merror[39m: [31mCannot read property 'path' of undefined[39m
2021-07-20 23:39:56:3956 [31merror[39m: [31mCannot read property 'path' of undefined[39m
2021-07-20 23:39:56:3956 [31merror[39m: [31mCannot read property 'path' of undefined[39m
2021-07-20 23:39:57:3957 [31merror[39m: [31mCannot read property 'path' of undefined[39m
2021-07-20 23:40:26:4026 [31merror[39m: [31mCannot read property 'path' of undefined[39m
2021-07-20 23:40:26:4026 [31merror[39m: [31mCannot read property 'path' of undefined[39m
2021-07-20 23:40:26:4026 [31merror[39m: [31mCannot read property 'path' of undefined[39m
2021-07-20 23:41:17:4117 [31merror[39m: [31mCannot read property 'path' of undefined[39m
2021-07-20 23:41:17:4117 [31merror[39m: [31mCannot read property 'path' of undefined[39m
2021-07-20 23:41:17:4117 [31merror[39m: [31mCannot read property 'path' of undefined[39m
2021-07-20 23:42:05:425 [31merror[39m: [31mCannot read property 'path' of undefined[39m
2021-07-20 23:42:05:425 [31merror[39m: [31mCannot read property 'path' of undefined[39m
2021-07-20 23:42:05:425 [31merror[39m: [31mCannot read property 'path' of undefined[39m
2021-07-20 23:46:34:4634 [31merror[39m: [31mCannot read property 'path' of undefined[39m
2021-07-20 23:46:34:4634 [31merror[39m: [31mCannot read property 'path' of undefined[39m
2021-07-20 23:46:34:4634 [31merror[39m: [31mCannot read property 'path' of undefined[39m
2021-07-21 00:25:48:2548 [31merror[39m: [31mCannot read property 'path' of undefined[39m
2021-07-21 00:25:48:2548 [31merror[39m: [31mCannot read property 'path' of undefined[39m
2021-07-21 00:25:49:2549 [31merror[39m: [31mCannot read property 'path' of undefined[39m
2021-07-21 00:27:06:276 [31merror[39m: [31mCannot read property 'path' of undefined[39m
2021-07-21 00:27:06:276 [31merror[39m: [31mCannot read property 'path' of undefined[39m
2021-07-21 00:27:06:276 [31merror[39m: [31mCannot read property 'path' of undefined[39m
2021-07-21 00:28:40:2840 [31merror[39m: [31mCannot read property 'path' of undefined[39m
2021-07-21 00:28:40:2840 [31merror[39m: [31mCannot read property 'path' of undefined[39m
2021-07-21 00:28:40:2840 [31merror[39m: [31mCannot read property 'path' of undefined[39m
2021-07-21 00:29:34:2934 [31merror[39m: [31mCannot read property 'path' of undefined[39m
2021-07-21 00:29:34:2934 [31merror[39m: [31mCannot read property 'path' of undefined[39m
2021-07-21 00:29:34:2934 [31merror[39m: [31mCannot read property 'path' of undefined[39m
2021-07-21 00:30:07:307 [31merror[39m: [31mCannot read property 'path' of undefined[39m
2021-07-21 00:30:07:307 [31merror[39m: [31mCannot read property 'path' of undefined[39m
2021-07-21 00:30:07:307 [31merror[39m: [31mCannot read property 'path' of undefined[39m
2021-07-21 00:34:19:3419 [31merror[39m: [31mCannot read property 'path' of undefined[39m
2021-07-21 00:34:19:3419 [31merror[39m: [31mCannot read property 'path' of undefined[39m
2021-07-21 00:34:19:3419 [31merror[39m: [31mCannot read property 'path' of undefined[39m
2021-07-21 00:35:05:355 [31merror[39m: [31mCannot read property 'path' of undefined[39m
2021-07-21 00:35:05:355 [31merror[39m: [31mCannot read property 'path' of undefined[39m
2021-07-21 00:35:05:355 [31merror[39m: [31mCannot read property 'path' of undefined[39m
2021-07-21 00:36:03:363 [31merror[39m: [31mCannot read property 'path' of undefined[39m
2021-07-21 00:36:03:363 [31merror[39m: [31mCannot read property 'path' of undefined[39m
2021-07-21 00:36:03:363 [31merror[39m: [31mCannot read property 'path' of undefined[39m
2021-07-21 00:36:30:3630 [31merror[39m: [31mCannot read property 'path' of undefined[39m
2021-07-21 00:36:30:3630 [31merror[39m: [31mCannot read property 'path' of undefined[39m
2021-07-21 00:36:30:3630 [31merror[39m: [31mCannot read property 'path' of undefined[39m
2021-07-21 00:37:15:3715 [31merror[39m: [31mCannot read property 'path' of undefined[39m
2021-07-21 00:37:15:3715 [31merror[39m: [31mCannot read property 'path' of undefined[39m
2021-07-21 00:37:15:3715 [31merror[39m: [31mCannot read property 'path' of undefined[39m
2021-07-21 00:39:13:3913 [31merror[39m: [31mCannot read property 'path' of undefined[39m
2021-07-21 00:39:13:3913 [31merror[39m: [31mCannot read property 'path' of undefined[39m
2021-07-21 00:39:13:3913 [31merror[39m: [31mCannot read property 'path' of undefined[39m
2021-07-21 00:43:59:4359 [31merror[39m: [31mCannot read property 'path' of undefined[39m
2021-07-21 00:43:59:4359 [31merror[39m: [31mCannot read property 'path' of undefined[39m
2021-07-21 00:43:59:4359 [31merror[39m: [31mCannot read property 'path' of undefined[39m
2021-07-21 00:44:48:4448 [31merror[39m: [31mCannot read property 'path' of undefined[39m
2021-07-21 00:44:48:4448 [31merror[39m: [31mCannot read property 'path' of undefined[39m
2021-07-21 00:44:48:4448 [31merror[39m: [31mCannot read property 'path' of undefined[39m
2021-07-21 00:45:33:4533 [31merror[39m: [31mCannot read property 'path' of undefined[39m
2021-07-21 00:45:33:4533 [31merror[39m: [31mCannot read property 'path' of undefined[39m
2021-07-21 00:45:33:4533 [31merror[39m: [31mCannot read property 'path' of undefined[39m
2021-07-21 00:46:20:4620 [31merror[39m: [31mCannot read property 'path' of undefined[39m
2021-07-21 00:46:20:4620 [31merror[39m: [31mCannot read property 'path' of undefined[39m
2021-07-21 00:46:20:4620 [31merror[39m: [31mCannot read property 'path' of undefined[39m
2021-07-21 00:59:22:5922 [31merror[39m: [31mCannot read property 'path' of undefined[39m
2021-07-21 00:59:22:5922 [31merror[39m: [31mCannot read property 'path' of undefined[39m
2021-07-21 00:59:22:5922 [31merror[39m: [31mCannot read property 'path' of undefined[39m
2021-07-21 00:59:58:5958 [31merror[39m: [31mCannot read property 'path' of undefined[39m
2021-07-21 00:59:58:5958 [31merror[39m: [31mCannot read property 'path' of undefined[39m
2021-07-21 00:59:58:5958 [31merror[39m: [31mCannot read property 'path' of undefined[39m
2021-07-21 01:00:33:033 [31merror[39m: [31mCannot read property 'path' of undefined[39m
2021-07-21 01:00:33:033 [31merror[39m: [31mCannot read property 'path' of undefined[39m
2021-07-21 01:00:33:033 [31merror[39m: [31mCannot read property 'path' of undefined[39m
2021-07-21 01:01:41:141 [31merror[39m: [31mCannot read property 'path' of undefined[39m
2021-07-21 01:01:41:141 [31merror[39m: [31mCannot read property 'path' of undefined[39m
2021-07-21 01:01:41:141 [31merror[39m: [31mCannot read property 'path' of undefined[39m
2021-07-21 01:04:25:425 [31merror[39m: [31mCannot read property 'path' of undefined[39m
2021-07-21 01:04:25:425 [31merror[39m: [31mCannot read property 'path' of undefined[39m
2021-07-21 01:04:25:425 [31merror[39m: [31mCannot read property 'path' of undefined[39m
2021-07-21 01:06:16:616 [31merror[39m: [31mCannot read property 'path' of undefined[39m
2021-07-21 01:06:16:616 [31merror[39m: [31mCannot read property 'path' of undefined[39m
2021-07-21 01:06:16:616 [31merror[39m: [31mCannot read property 'path' of undefined[39m
2021-07-21 01:09:53:953 [31merror[39m: [31mCannot read property 'path' of undefined[39m
2021-07-21 01:09:53:953 [31merror[39m: [31mCannot read property 'path' of undefined[39m
2021-07-21 01:09:53:953 [31merror[39m: [31mCannot read property 'path' of undefined[39m
2021-07-21 01:10:41:1041 [31merror[39m: [31mCannot read property 'path' of undefined[39m
2021-07-21 01:10:41:1041 [31merror[39m: [31mCannot read property 'path' of undefined[39m
2021-07-21 01:10:41:1041 [31merror[39m: [31mCannot read property 'path' of undefined[39m
2021-07-21 01:16:12:1612 [31merror[39m: [31mCannot read property 'path' of undefined[39m
2021-07-21 01:16:12:1612 [31merror[39m: [31mCannot read property 'path' of undefined[39m
2021-07-21 01:16:12:1612 [31merror[39m: [31mCannot read property 'path' of undefined[39m
2021-07-21 01:16:13:1613 [31merror[39m: [31mCannot read property 'path' of undefined[39m
2021-07-21 01:19:30:1930 [31merror[39m: [31mCannot read property 'path' of undefined[39m
2021-07-21 01:19:30:1930 [31merror[39m: [31mCannot read property 'path' of undefined[39m
2021-07-21 01:19:30:1930 [31merror[39m: [31mCannot read property 'path' of undefined[39m
2021-07-21 01:19:30:1930 [31merror[39m: [31mCannot read property 'path' of undefined[39m
2021-07-21 01:20:19:2019 [31merror[39m: [31mCannot read property 'path' of undefined[39m
2021-07-21 01:20:19:2019 [31merror[39m: [31mCannot read property 'path' of undefined[39m
2021-07-21 01:20:19:2019 [31merror[39m: [31mCannot read property 'path' of undefined[39m
2021-07-21 01:20:19:2019 [31merror[39m: [31mCannot read property 'path' of undefined[39m
2021-07-21 01:29:04:294 [31merror[39m: [31mCannot read property 'path' of undefined[39m
2021-07-21 01:29:04:294 [31merror[39m: [31mCannot read property 'path' of undefined[39m
2021-07-21 01:29:04:294 [31merror[39m: [31mCannot read property 'path' of undefined[39m
2021-07-21 01:29:04:294 [31merror[39m: [31mCannot read property 'path' of undefined[39m
2021-07-21 01:30:07:307 [31merror[39m: [31mCannot read property 'path' of undefined[39m
2021-07-21 01:30:07:307 [31merror[39m: [31mCannot read property 'path' of undefined[39m
2021-07-21 01:30:07:307 [31merror[39m: [31mCannot read property 'path' of undefined[39m
2021-07-21 01:30:08:308 [31merror[39m: [31mCannot read property 'path' of undefined[39m
2021-07-21 01:30:47:3047 [31merror[39m: [31mCannot read property 'path' of undefined[39m
2021-07-21 01:30:47:3047 [31merror[39m: [31mCannot read property 'path' of undefined[39m
2021-07-21 01:30:47:3047 [31merror[39m: [31mCannot read property 'path' of undefined[39m
2021-07-21 01:30:47:3047 [31merror[39m: [31mCannot read property 'path' of undefined[39m
2021-07-21 01:33:19:3319 [31merror[39m: [31mCannot read property 'path' of undefined[39m
2021-07-21 01:33:19:3319 [31merror[39m: [31mCannot read property 'path' of undefined[39m
2021-07-21 01:33:19:3319 [31merror[39m: [31mCannot read property 'path' of undefined[39m
2021-07-21 01:38:16:3816 [31merror[39m: [31mCannot read property 'path' of undefined[39m
2021-07-21 01:38:16:3816 [31merror[39m: [31mCannot read property 'path' of undefined[39m
2021-07-21 01:38:16:3816 [31merror[39m: [31mCannot read property 'path' of undefined[39m
2021-07-21 01:38:16:3816 [31merror[39m: [31mWHERE parameter "email" has invalid "undefined" value[39m
2021-07-21 01:43:43:4343 [31merror[39m: [31mnotNull Violation: categories.kategori_nama cannot be null[39m
2021-07-21 01:43:44:4344 [31merror[39m: [31mnotNull Violation: categories.kategori_nama cannot be null[39m
2021-07-21 01:43:44:4344 [31merror[39m: [31mCannot read property 'path' of undefined[39m
2021-07-21 01:43:44:4344 [31merror[39m: [31mCannot read property 'path' of undefined[39m
2021-07-21 01:43:44:4344 [31merror[39m: [31mCannot read property 'path' of undefined[39m
2021-07-21 01:45:11:4511 [31merror[39m: [31mCannot read property 'path' of undefined[39m
2021-07-21 01:45:11:4511 [31merror[39m: [31mCannot read property 'path' of undefined[39m
2021-07-21 01:45:11:4511 [31merror[39m: [31mCannot read property 'path' of undefined[39m
2021-07-21 01:45:12:4512 [31merror[39m: [31mnotNull Violation: categories.kategori_nama cannot be null[39m
2021-07-21 01:48:17:4817 [31merror[39m: [31mCannot read property 'path' of undefined[39m
2021-07-21 01:48:17:4817 [31merror[39m: [31mCannot read property 'path' of undefined[39m
2021-07-21 01:48:17:4817 [31merror[39m: [31mCannot read property 'path' of undefined[39m
2021-07-21 05:43:27:4327 [31merror[39m: [31mnotNull Violation: customers.name cannot be null[39m
2021-07-21 05:43:36:4336 [31merror[39m: [31mCannot read property 'path' of undefined[39m
2021-07-21 05:43:36:4336 [31merror[39m: [31mCannot read property 'path' of undefined[39m
2021-07-21 05:43:36:4336 [31merror[39m: [31mCannot read property 'path' of undefined[39m
2021-07-21 05:44:41:4441 [31merror[39m: [31mCannot read property 'path' of undefined[39m
2021-07-21 05:44:41:4441 [31merror[39m: [31mCannot read property 'path' of undefined[39m
2021-07-21 05:44:41:4441 [31merror[39m: [31mCannot read property 'path' of undefined[39m
2021-07-21 05:44:41:4441 [31merror[39m: [31mnotNull Violation: customers.name cannot be null[39m
2021-07-21 05:55:14:5514 [31merror[39m: [31mCannot read property 'path' of undefined[39m
2021-07-21 05:55:14:5514 [31merror[39m: [31mCannot read property 'path' of undefined[39m
2021-07-21 05:55:14:5514 [31merror[39m: [31mCannot read property 'path' of undefined[39m
2021-07-21 05:57:08:578 [31merror[39m: [31mCannot read property 'path' of undefined[39m
2021-07-21 05:57:08:578 [31merror[39m: [31mCannot read property 'path' of undefined[39m
2021-07-21 05:57:08:578 [31merror[39m: [31mCannot read property 'path' of undefined[39m
2021-07-21 05:58:45:5845 [31merror[39m: [31mCannot read property 'path' of undefined[39m
2021-07-21 05:58:45:5845 [31merror[39m: [31mCannot read property 'path' of undefined[39m
2021-07-21 05:58:45:5845 [31merror[39m: [31mCannot read property 'path' of undefined[39m
2021-07-21 05:58:45:5845 [31merror[39m: [31mValidation error[39m
2021-07-21 06:00:03:03 [31merror[39m: [31mCannot read property 'path' of undefined[39m
2021-07-21 06:00:03:03 [31merror[39m: [31mCannot read property 'path' of undefined[39m
2021-07-21 06:00:03:03 [31merror[39m: [31mCannot read property 'path' of undefined[39m
2021-07-21 06:00:04:04 [31merror[39m: [31mValidation error[39m
2021-07-21 06:00:05:05 [31merror[39m: [31mnotNull Violation: categories.kategori_nama cannot be null[39m
2021-07-21 06:04:30:430 [31merror[39m: [31mCannot read property 'path' of undefined[39m
2021-07-21 06:04:30:430 [31merror[39m: [31mCannot read property 'path' of undefined[39m
2021-07-21 06:04:30:430 [31merror[39m: [31mCannot read property 'path' of undefined[39m
2021-07-21 06:04:30:430 [31merror[39m: [31mnotNull Violation: categories.kategori_nama cannot be null[39m
2021-07-21 06:04:30:430 [31merror[39m: [31mValidation error[39m
2021-07-21 06:05:33:533 [31merror[39m: [31mValidation error[39m
2021-07-21 06:05:33:533 [31merror[39m: [31mCannot read property 'path' of undefined[39m
2021-07-21 06:05:33:533 [31merror[39m: [31mCannot read property 'path' of undefined[39m
2021-07-21 06:05:33:533 [31merror[39m: [31mCannot read property 'path' of undefined[39m
2021-07-21 06:05:33:533 [31merror[39m: [31mnotNull Violation: categories.kategori_nama cannot be null[39m
2021-07-21 06:06:59:659 [31merror[39m: [31mCannot read property 'path' of undefined[39m
2021-07-21 06:06:59:659 [31merror[39m: [31mCannot read property 'path' of undefined[39m
2021-07-21 06:06:59:659 [31merror[39m: [31mCannot read property 'path' of undefined[39m
2021-07-21 06:06:59:659 [31merror[39m: [31mnotNull Violation: categories.kategori_nama cannot be null[39m
2021-07-21 06:07:00:70 [31merror[39m: [31mValidation error[39m
2021-07-21 06:08:00:80 [31merror[39m: [31mCannot read property 'path' of undefined[39m
2021-07-21 06:08:00:80 [31merror[39m: [31mCannot read property 'path' of undefined[39m
2021-07-21 06:08:00:80 [31merror[39m: [31mCannot read property 'path' of undefined[39m
2021-07-21 06:08:00:80 [31merror[39m: [31mValidation error[39m
2021-07-21 06:08:01:81 [31merror[39m: [31mnotNull Violation: categories.kategori_nama cannot be null[39m
2021-07-21 06:10:38:1038 [31merror[39m: [31mnotNull Violation: categories.kategori_nama cannot be null[39m
2021-07-21 06:10:38:1038 [31merror[39m: [31mCannot read property 'path' of undefined[39m
2021-07-21 06:10:38:1038 [31merror[39m: [31mCannot read property 'path' of undefined[39m
2021-07-21 06:10:38:1038 [31merror[39m: [31mCannot read property 'path' of undefined[39m
2021-07-21 06:10:39:1039 [31merror[39m: [31mValidation error[39m
2021-07-21 06:12:37:1237 [31merror[39m: [31mnotNull Violation: categories.kategori_nama cannot be null[39m
2021-07-21 06:12:38:1238 [31merror[39m: [31mCannot read property 'path' of undefined[39m
2021-07-21 06:12:38:1238 [31merror[39m: [31mCannot read property 'path' of undefined[39m
2021-07-21 06:12:38:1238 [31merror[39m: [31mCannot read property 'path' of undefined[39m
2021-07-21 06:12:38:1238 [31merror[39m: [31mValidation error[39m
2021-07-21 06:12:38:1238 [31merror[39m: [31minsert or update on table "addresses" violates foreign key constraint "addresses_address_email_fkey"[39m
2021-07-21 06:13:20:1320 [31merror[39m: [31mCannot read property 'path' of undefined[39m
2021-07-21 06:13:20:1320 [31merror[39m: [31mCannot read property 'path' of undefined[39m
2021-07-21 06:13:20:1320 [31merror[39m: [31mCannot read property 'path' of undefined[39m
2021-07-21 06:13:20:1320 [31merror[39m: [31mnotNull Violation: categories.kategori_nama cannot be null[39m
2021-07-21 06:13:21:1321 [31merror[39m: [31mdata must be a string or Buffer and salt must either be a salt string or a number of rounds[39m
2021-07-21 06:13:21:1321 [31merror[39m: [31minsert or update on table "addresses" violates foreign key constraint "addresses_address_email_fkey"[39m
2021-07-21 06:15:08:158 [31merror[39m: [31mCannot read property 'path' of undefined[39m
2021-07-21 06:15:08:158 [31merror[39m: [31mCannot read property 'path' of undefined[39m
2021-07-21 06:15:08:158 [31merror[39m: [31mCannot read property 'path' of undefined[39m
2021-07-21 06:15:08:158 [31merror[39m: [31mnotNull Violation: categories.kategori_nama cannot be null[39m
2021-07-21 06:15:09:159 [31merror[39m: [31mdata must be a string or Buffer and salt must either be a salt string or a number of rounds[39m
2021-07-21 06:15:09:159 [31merror[39m: [31minsert or update on table "addresses" violates foreign key constraint "addresses_address_email_fkey"[39m
2021-07-21 06:17:35:1735 [31merror[39m: [31mnotNull Violation: categories.kategori_nama cannot be null[39m
2021-07-21 06:17:35:1735 [31merror[39m: [31mCannot read property 'path' of undefined[39m
2021-07-21 06:17:35:1735 [31merror[39m: [31mCannot read property 'path' of undefined[39m
2021-07-21 06:17:35:1735 [31merror[39m: [31mCannot read property 'path' of undefined[39m
2021-07-21 06:17:35:1735 [31merror[39m: [31mdata must be a string or Buffer and salt must either be a salt string or a number of rounds[39m
2021-07-21 06:17:35:1735 [31merror[39m: [31minsert or update on table "addresses" violates foreign key constraint "addresses_address_email_fkey"[39m
2021-07-21 06:18:39:1839 [31merror[39m: [31mCannot read property 'path' of undefined[39m
2021-07-21 06:18:39:1839 [31merror[39m: [31mCannot read property 'path' of undefined[39m
2021-07-21 06:18:39:1839 [31merror[39m: [31mCannot read property 'path' of undefined[39m
2021-07-21 06:18:39:1839 [31merror[39m: [31mnotNull Violation: categories.kategori_nama cannot be null[39m
2021-07-21 06:25:41:2541 [31merror[39m: [31mnotNull Violation: categories.kategori_nama cannot be null[39m
2021-07-21 06:25:50:2550 [31merror[39m: [31mCannot read property 'path' of undefined[39m
2021-07-21 06:25:50:2550 [31merror[39m: [31mCannot read property 'path' of undefined[39m
2021-07-21 06:25:50:2550 [31merror[39m: [31mCannot read property 'path' of undefined[39m
2021-07-21 06:26:11:2611 [31merror[39m: [31mnotNull Violation: categories.kategori_nama cannot be null[39m
2021-07-21 06:26:11:2611 [31merror[39m: [31mCannot read property 'path' of undefined[39m
2021-07-21 06:26:11:2611 [31merror[39m: [31mCannot read property 'path' of undefined[39m
2021-07-21 06:26:11:2611 [31merror[39m: [31mCannot read property 'path' of undefined[39m
2021-07-21 06:28:44:2844 [31merror[39m: [31mCannot read property 'path' of undefined[39m
2021-07-21 06:28:45:2845 [31merror[39m: [31mCannot read property 'path' of undefined[39m
2021-07-21 06:28:45:2845 [31merror[39m: [31mCannot read property 'path' of undefined[39m
2021-07-21 06:33:22:3322 [31merror[39m: [31mCannot read property 'path' of undefined[39m
2021-07-21 06:33:22:3322 [31merror[39m: [31mCannot read property 'path' of undefined[39m
2021-07-21 06:33:22:3322 [31merror[39m: [31mCannot read property 'path' of undefined[39m
2021-07-21 06:33:23:3323 [31merror[39m: [31mCannot read property 'password' of undefined[39m
2021-07-21 06:34:02:342 [31merror[39m: [31mCannot read property 'path' of undefined[39m
2021-07-21 06:34:02:342 [31merror[39m: [31mCannot read property 'path' of undefined[39m
2021-07-21 06:34:02:342 [31merror[39m: [31mCannot read property 'path' of undefined[39m
2021-07-21 06:34:03:343 [31merror[39m: [31mCannot read property 'password' of undefined[39m
2021-07-21 06:39:49:3949 [31merror[39m: [31mnotNull Violation: seller.phone_number cannot be null,[39m
[31mnotNull Violation: seller.store_name cannot be null[39m
2021-07-21 06:39:49:3949 [31merror[39m: [31mdata and salt arguments required[39m
2021-07-21 06:39:49:3949 [31merror[39m: [31mCannot read property 'path' of undefined[39m
2021-07-21 06:39:49:3949 [31merror[39m: [31mCannot read property 'path' of undefined[39m
2021-07-21 06:39:49:3949 [31merror[39m: [31mCannot read property 'path' of undefined[39m
2021-07-21 06:41:35:4135 [31merror[39m: [31mCannot read property 'path' of undefined[39m
2021-07-21 06:41:35:4135 [31merror[39m: [31mCannot read property 'path' of undefined[39m
2021-07-21 06:41:35:4135 [31merror[39m: [31mCannot read property 'path' of undefined[39m
2021-07-21 06:41:36:4136 [31merror[39m: [31mnotNull Violation: seller.phone_number cannot be null,[39m
[31mnotNull Violation: seller.store_name cannot be null[39m
2021-07-21 06:42:50:4250 [31merror[39m: [31mCannot read property 'path' of undefined[39m
2021-07-21 06:42:50:4250 [31merror[39m: [31mCannot read property 'path' of undefined[39m
2021-07-21 06:42:50:4250 [31merror[39m: [31mCannot read property 'path' of undefined[39m
2021-07-21 06:44:58:4458 [31merror[39m: [31mCannot read property 'path' of undefined[39m
2021-07-21 06:44:58:4458 [31merror[39m: [31mCannot read property 'path' of undefined[39m
2021-07-21 06:44:58:4458 [31merror[39m: [31mCannot read property 'path' of undefined[39m
2021-07-21 06:45:27:4527 [31merror[39m: [31mCannot read property 'path' of undefined[39m
2021-07-21 06:45:27:4527 [31merror[39m: [31mCannot read property 'path' of undefined[39m
2021-07-21 06:45:27:4527 [31merror[39m: [31mCannot read property 'path' of undefined[39m
2021-07-21 06:48:28:4828 [31merror[39m: [31mCannot read property 'path' of undefined[39m
2021-07-21 06:48:28:4828 [31merror[39m: [31mCannot read property 'path' of undefined[39m
2021-07-21 06:48:28:4828 [31merror[39m: [31mCannot read property 'path' of undefined[39m
2021-07-21 06:49:21:4921 [31merror[39m: [31mCannot read property 'path' of undefined[39m
2021-07-21 06:49:21:4921 [31merror[39m: [31mCannot read property 'path' of undefined[39m
2021-07-21 06:49:21:4921 [31merror[39m: [31mCannot read property 'path' of undefined[39m
2021-07-21 06:50:30:5030 [31merror[39m: [31mCannot read property 'path' of undefined[39m
2021-07-21 06:50:31:5031 [31merror[39m: [31mCannot read property 'path' of undefined[39m
2021-07-21 06:50:31:5031 [31merror[39m: [31mCannot read property 'path' of undefined[39m
2021-07-21 06:50:31:5031 [31merror[39m: [31mmodel.updateData is not a function[39m
2021-07-21 06:51:23:5123 [31merror[39m: [31mmodel.update is not a function[39m
2021-07-21 06:51:24:5124 [31merror[39m: [31mCannot read property 'path' of undefined[39m
2021-07-21 06:51:24:5124 [31merror[39m: [31mCannot read property 'path' of undefined[39m
2021-07-21 06:51:24:5124 [31merror[39m: [31mCannot read property 'path' of undefined[39m
2021-07-21 06:53:18:5318 [31merror[39m: [31mCannot read property 'path' of undefined[39m
2021-07-21 06:53:18:5318 [31merror[39m: [31mCannot read property 'path' of undefined[39m
2021-07-21 06:53:18:5318 [31merror[39m: [31mCannot read property 'path' of undefined[39m
2021-07-21 06:53:18:5318 [31merror[39m: [31mmodel.update is not a function[39m
2021-07-21 06:54:14:5414 [31merror[39m: [31mCannot read property 'path' of undefined[39m
2021-07-21 06:54:14:5414 [31merror[39m: [31mCannot read property 'path' of undefined[39m
2021-07-21 06:54:14:5414 [31merror[39m: [31mCannot read property 'path' of undefined[39m
2021-07-21 07:02:58:258 [31merror[39m: [31mCannot read property 'password' of undefined[39m
2021-07-21 07:06:17:617 [31merror[39m: [31minsert or update on table "products" violates foreign key constraint "products_produk_kategori_id_fkey"[39m
2021-07-21 07:07:35:735 [31merror[39m: [31mproduk_terjual is not defined[39m
2021-07-21 07:10:12:1012 [31merror[39m: [31mproduk_terjual is not defined[39m
2021-07-21 07:15:08:158 [31merror[39m: [31mproduk_terjual is not defined[39m
2021-07-21 07:15:43:1543 [31merror[39m: [31mproduk_terjual is not defined[39m
2021-07-21 07:16:11:1611 [31merror[39m: [31mproduk_terjual is not defined[39m
2021-07-21 07:20:18:2018 [31merror[39m: [31minvalid input syntax for type integer: "j"[39m
2021-07-21 07:27:26:2726 [31merror[39m: [31mdata and salt arguments required[39m
2021-07-21 07:29:54:2954 [31merror[39m: [31mdata and salt arguments required[39m
2021-07-21 07:34:27:3427 [31merror[39m: [31mmodelAddress.DeleteAdress is not a function[39m
2021-07-21 07:36:58:3658 [31merror[39m: [31mmodelAddress.DeleteAdress is not a function[39m
2021-07-21 07:37:26:3726 [31merror[39m: [31minsert or update on table "addresses" violates foreign key constraint "addresses_address_email_fkey"[39m
2021-07-21 07:43:14:4314 [31merror[39m: [31minsert or update on table "addresses" violates foreign key constraint "addresses_address_email_fkey"[39m
2021-07-22 14:12:45:1245 [31merror[39m: [31mCannot read property 'path' of undefined[39m
2021-07-22 14:13:14:1314 [31merror[39m: [31mCannot read property 'path' of undefined[39m
2021-07-22 14:15:52:1552 [31merror[39m: [31mCannot read property 'path' of undefined[39m
2021-07-22 14:18:05:185 [31merror[39m: [31mCannot read property 'path' of undefined[39m
2021-07-22 14:18:55:1855 [31merror[39m: [31mCannot read property 'path' of undefined[39m
2021-07-22 14:23:31:2331 [31merror[39m: [31mproduk_terjual is not defined[39m
2021-07-22 14:24:39:2439 [31merror[39m: [31mproduk_terjual is not defined[39m
2021-07-22 14:26:33:2633 [31merror[39m: [31mproduk_terjual is not defined[39m
2021-07-22 14:34:08:348 [31merror[39m: [31mCannot read property 'path' of undefined[39m
2021-07-22 22:09:55:955 [31merror[39m: [31mCannot read property 'path' of undefined[39m
2021-07-22 22:15:02:152 [31merror[39m: [31mCannot read property 'path' of undefined[39m
2021-07-30 00:15:34:1534 [31merror[39m: [31mCannot read property 'password' of undefined[39m
2021-07-30 00:16:52:1652 [31merror[39m: [31mCannot read property 'password' of undefined[39m
2021-07-30 00:20:23:2023 [31merror[39m: [31mgagal memasukan data[39m
2021-07-30 00:21:03:213 [31merror[39m: [31mgagal memasukan data[39m
2021-07-30 00:21:39:2139 [31merror[39m: [31mgagal memasukan data[39m
2021-07-30 00:21:52:2152 [31merror[39m: [31mgagal memasukan data[39m
2021-07-30 00:22:02:222 [31merror[39m: [31mgagal memasukan data[39m
2021-07-30 00:22:23:2223 [31merror[39m: [31mgagal memasukan data[39m
2021-07-30 00:22:44:2244 [31merror[39m: [31mgagal memasukan data[39m
2021-07-30 00:23:24:2324 [31merror[39m: [31mgagal memasukan data[39m
2021-07-30 00:23:33:2333 [31merror[39m: [31mgagal memasukan data[39m
2021-07-30 00:32:00:320 [31merror[39m: [31mnotNull Violation: products.produk_seller cannot be null[39m
2021-07-30 00:32:56:3256 [31merror[39m: [31mnotNull Violation: products.produk_seller cannot be null[39m
2021-07-30 00:33:47:3347 [31merror[39m: [31mnotNull Violation: products.produk_seller cannot be null[39m
2021-07-30 00:34:05:345 [31merror[39m: [31mnotNull Violation: products.produk_seller cannot be null[39m
2021-07-30 00:34:46:3446 [31merror[39m: [31mnotNull Violation: products.produk_seller cannot be null[39m
2021-07-30 00:35:23:3523 [31merror[39m: [31mnotNull Violation: products.produk_seller cannot be null[39m
2021-07-30 00:35:55:3555 [31merror[39m: [31mnotNull Violation: products.produk_seller cannot be null[39m
2021-07-30 00:36:25:3625 [31merror[39m: [31mnotNull Violation: products.produk_seller cannot be null[39m
2021-07-30 00:38:01:381 [31merror[39m: [31mnotNull Violation: products.produk_seller cannot be null[39m
2021-07-30 00:38:08:388 [31merror[39m: [31mnotNull Violation: products.produk_seller cannot be null[39m
2021-07-30 00:39:07:397 [31merror[39m: [31minsert or update on table "products" violates foreign key constraint "products_produk_kategori_id_fkey"[39m
2021-07-30 00:44:08:448 [31merror[39m: [31mredisDb is not defined[39m
2021-07-30 00:45:30:4530 [31merror[39m: [31mCannot read property 'password' of undefined[39m
2021-07-30 00:48:50:4850 [31merror[39m: [31mgagal memasukan data[39m
2021-07-30 01:18:06:186 [31merror[39m: [31mrole is not defined[39m
2021-07-30 01:18:22:1822 [31merror[39m: [31mrole is not defined[39m
2021-07-30 01:18:32:1832 [31merror[39m: [31mrole is not defined[39m
2021-07-30 01:18:36:1836 [31merror[39m: [31mrole is not defined[39m
2021-07-30 14:46:21:4621 [31merror[39m: [31mrole is not defined[39m
2021-07-30 14:47:28:4728 [31merror[39m: [31mrole is not defined[39m
2021-07-30 15:07:41:741 [31merror[39m: [31mrole is not defined[39m
2021-07-30 19:11:25:1125 [31merror[39m: [31mrole is not defined[39m
2021-07-30 19:28:20:2820 [31merror[39m: [31mrole is not defined[39m
2021-08-03 17:26:01:261 [31merror[39m: [31mrole is not defined[39m
2021-08-04 05:41:42:4142 [31merror[39m: [31mCannot read property 'path' of undefined[39m
2021-08-04 05:48:56:4856 [31merror[39m: [31mCannot read property 'path' of undefined[39m
2021-08-04 05:50:10:5010 [31merror[39m: [31mCannot read property 'path' of undefined[39m
2021-08-04 05:55:27:5527 [31merror[39m: [31mCannot read property 'path' of undefined[39m
2021-08-04 05:56:35:5635 [31merror[39m: [31mCannot read property 'path' of undefined[39m
2021-08-04 06:03:53:353 [31merror[39m: [31mCannot read property 'path' of undefined[39m
2021-08-04 09:12:18:1218 [31merror[39m: [31mCannot read property 'path' of undefined[39m
2021-08-04 17:15:20:1520 [31merror[39m: [31mgagal memasukan data[39m
2021-08-04 17:18:33:1833 [31merror[39m: [31mgagal memasukan data[39m
2021-08-04 17:22:27:2227 [31merror[39m: [31mnotNull Violation: products.produk_kategori_id cannot be null[39m
2021-08-04 17:26:12:2612 [31merror[39m: [31mnotNull Violation: products.produk_kategori_id cannot be null[39m
2021-08-04 17:40:35:4035 [31merror[39m: [31minvalid input syntax for type real: ""[39m
2021-08-04 17:46:36:4636 [31merror[39m: [31mnotNull Violation: products.produk_kategori_id cannot be null[39m
2021-08-04 18:06:53:653 [31merror[39m: [31mnotNull Violation: products.produk_kategori_id cannot be null[39m
2021-08-08 21:46:25:4625 [31merror[39m: [31mrole is not defined[39m
2021-08-11 22:50:23:5023 [31merror[39m: [31mCannot read property 'password' of undefined[39m
2021-08-11 22:50:41:5041 [31merror[39m: [31mCannot read property 'password' of undefined[39m
2021-08-11 22:52:46:5246 [31merror[39m: [31mCannot read property 'password' of undefined[39m
2021-08-11 22:55:06:556 [31merror[39m: [31mCannot read property 'password' of undefined[39m
2021-08-11 22:56:04:564 [31merror[39m: [31mCannot read property 'password' of undefined[39m
2021-08-11 23:12:03:123 [31merror[39m: [31mCannot read property 'password' of undefined[39m
2021-08-11 23:14:10:1410 [31merror[39m: [31mCannot read property 'password' of undefined[39m
2021-08-11 23:15:56:1556 [31merror[39m: [31mCannot read property 'password' of undefined[39m
2021-08-11 23:16:36:1636 [31merror[39m: [31mCannot read property 'password' of undefined[39m
2021-08-11 23:16:38:1638 [31merror[39m: [31mCannot read property 'password' of undefined[39m
2021-08-11 23:16:42:1642 [31merror[39m: [31mCannot read property 'password' of undefined[39m
2021-08-11 23:16:45:1645 [31merror[39m: [31mCannot read property 'password' of undefined[39m
2021-08-11 23:16:53:1653 [31merror[39m: [31mCannot read property 'password' of undefined[39m
2021-08-11 23:16:54:1654 [31merror[39m: [31mCannot read property 'password' of undefined[39m
2021-08-11 23:18:50:1850 [31merror[39m: [31mCannot read property 'password' of undefined[39m
2021-08-11 23:20:57:2057 [31merror[39m: [31mCannot read property 'password' of undefined[39m
2021-08-11 23:21:29:2129 [31merror[39m: [31mCannot read property 'password' of undefined[39m
2021-08-11 23:23:14:2314 [31merror[39m: [31mCannot read property 'password' of undefined[39m
2021-08-11 23:23:58:2358 [31merror[39m: [31mCannot read property 'password' of undefined[39m
2021-08-11 23:24:30:2430 [31merror[39m: [31mCannot read property 'password' of undefined[39m
2021-08-11 23:24:44:2444 [31merror[39m: [31mCannot read property 'password' of undefined[39m
2021-08-11 23:25:15:2515 [31merror[39m: [31mCannot read property 'password' of undefined[39m
2021-08-11 23:26:58:2658 [31merror[39m: [31mCannot read property 'password' of undefined[39m
2021-08-11 23:28:12:2812 [31merror[39m: [31mCannot read property 'password' of undefined[39m
2021-08-11 23:28:19:2819 [31merror[39m: [31mCannot read property 'password' of undefined[39m
2021-08-11 23:28:33:2833 [31merror[39m: [31mCannot read property 'password' of undefined[39m
2021-08-11 23:30:35:3035 [31merror[39m: [31mCannot read property 'password' of undefined[39m
2021-08-11 23:30:46:3046 [31merror[39m: [31mCannot read property 'password' of undefined[39m
2021-08-11 23:30:48:3048 [31merror[39m: [31mCannot read property 'password' of undefined[39m
2021-08-11 23:30:54:3054 [31merror[39m: [31mCannot read property 'password' of undefined[39m
2021-08-11 23:30:57:3057 [31merror[39m: [31mCannot read property 'password' of undefined[39m
2021-08-11 23:30:57:3057 [31merror[39m: [31mCannot read property 'password' of undefined[39m
2021-08-11 23:31:08:318 [31merror[39m: [31mCannot read property 'password' of undefined[39m
2021-08-13 07:12:16:1216 [31merror[39m: [31mCannot read property 'password' of undefined[39m
2021-08-13 07:24:50:2450 [31merror[39m: [31mCannot read property 'password' of undefined[39m
2021-08-13 07:34:00:340 [31merror[39m: [31mCannot read property 'password' of undefined[39m
2021-08-13 07:37:57:3757 [31merror[39m: [31mCannot read property 'password' of undefined[39m
2021-08-13 07:38:09:389 [31merror[39m: [31mCannot read property 'password' of undefined[39m
2021-08-13 07:46:48:4648 [31merror[39m: [31mCannot read property 'password' of undefined[39m
2021-08-13 07:49:54:4954 [31merror[39m: [31mCannot read property 'path' of undefined[39m
2021-08-15 13:12:52:1252 [31merror[39m: [31mCannot read property 'password' of undefined[39m
2021-08-15 13:13:17:1317 [31merror[39m: [31mCannot read property 'path' of undefined[39m
2021-08-15 13:15:12:1512 [31merror[39m: [31minsert or update on table "products" violates foreign key constraint "products_produk_kategori_id_fkey"[39m
2021-08-15 16:14:47:1447 [31merror[39m: [31mCannot read property 'path' of undefined[39m
2021-08-18 16:47:02:472 [31merror[39m: [31mCannot read property 'password' of undefined[39m
2021-08-18 16:47:02:472 [31merror[39m: [31mCannot read property 'password' of undefined[39m
2021-08-29 08:37:11:3711 [31merror[39m: [31mCannot read property 'path' of undefined[39m
2021-08-29 08:37:57:3757 [31merror[39m: [31mCannot read property 'path' of undefined[39m
2021-09-05 13:35:23:3523 [31merror[39m: [31mCannot read property 'path' of undefined[39m
2021-09-05 15:55:18:5518 [31merror[39m: [31mCannot read property 'path' of undefined[39m
2021-09-05 16:30:30:3030 [31merror[39m: [31mCannot read property 'path' of undefined[39m
2021-09-05 16:40:13:4013 [31merror[39m: [31mgagal memasukan data[39m
2021-09-05 16:42:02:422 [31merror[39m: [31mCannot read property 'path' of undefined[39m
2021-09-05 16:55:12:5512 [31merror[39m: [31mgagal memasukan data[39m
2021-09-05 17:09:44:944 [31merror[39m: [31mCannot read property 'password' of undefined[39m
2021-09-05 17:44:15:4415 [31merror[39m: [31mgagal memasukan data[39m
2021-09-05 17:45:20:4520 [31merror[39m: [31mgagal memasukan data[39m
2021-09-05 17:53:13:5313 [31merror[39m: [31mgagal memasukan data[39m
2021-09-05 17:53:15:5315 [31merror[39m: [31mgagal memasukan data[39m
2021-09-05 18:37:37:3737 [31merror[39m: [31mCannot read property 'password' of undefined[39m
2021-09-12 16:09:54:954 [31merror[39m: [31mdata must be a string or Buffer and salt must either be a salt string or a number of rounds[39m
2021-09-12 16:15:31:1531 [31merror[39m: [31mdata must be a string or Buffer and salt must either be a salt string or a number of rounds[39m
2021-09-12 16:18:39:1839 [31merror[39m: [31mdata must be a string or Buffer and salt must either be a salt string or a number of rounds[39m
2021-09-12 16:24:40:2440 [31merror[39m: [31mdata must be a string or Buffer and salt must either be a salt string or a number of rounds[39m
2021-09-12 17:06:28:628 [31merror[39m: [31mdata must be a string or Buffer and salt must either be a salt string or a number of rounds[39m
2021-09-12 17:09:33:933 [31merror[39m: [31mdata must be a string or Buffer and salt must either be a salt string or a number of rounds[39m
2021-09-12 17:15:43:1543 [31merror[39m: [31mdata must be a string or Buffer and salt must either be a salt string or a number of rounds[39m
2021-09-12 17:18:16:1816 [31merror[39m: [31mdata must be a string or Buffer and salt must either be a salt string or a number of rounds[39m
2021-09-12 17:43:07:437 [31merror[39m: [31mdata must be a string or Buffer and salt must either be a salt string or a number of rounds[39m
2021-09-12 17:44:07:447 [31merror[39m: [31mdata must be a string or Buffer and salt must either be a salt string or a number of rounds[39m
2021-09-12 17:45:28:4528 [31merror[39m: [31mdata must be a string or Buffer and salt must either be a salt string or a number of rounds[39m
2021-09-12 17:48:02:482 [31merror[39m: [31mdata must be a string or Buffer and salt must either be a salt string or a number of rounds[39m
2021-09-12 17:51:55:5155 [31merror[39m: [31mdata must be a string or Buffer and salt must either be a salt string or a number of rounds[39m
2021-09-12 17:52:29:5229 [31merror[39m: [31mdata must be a string or Buffer and salt must either be a salt string or a number of rounds[39m
2021-09-12 17:55:08:558 [31merror[39m: [31mdata must be a string or Buffer and salt must either be a salt string or a number of rounds[39m
2021-09-12 18:28:13:2813 [31merror[39m: [31mgagal memasukan data[39m
2021-09-12 18:31:46:3146 [31merror[39m: [31mgagal memasukan data[39m
2021-09-12 18:33:45:3345 [31merror[39m: [31mgagal memasukan data[39m
2021-09-12 18:38:18:3818 [31merror[39m: [31mgagal memasukan data[39m
2021-09-12 18:56:19:5619 [31merror[39m: [31mgagal memasukan data[39m
2021-09-12 18:56:21:5621 [31merror[39m: [31mgagal memasukan data[39m
2021-09-12 19:02:59:259 [31merror[39m: [31mgagal memasukan data[39m
2021-09-12 19:03:01:31 [31merror[39m: [31mgagal memasukan data[39m
2021-09-12 19:05:38:538 [31merror[39m: [31mgagal memasukan data[39m
2021-09-12 19:05:42:542 [31merror[39m: [31mgagal memasukan data[39m
2021-09-12 19:07:16:716 [31merror[39m: [31mgagal memasukan data[39m
2021-09-12 19:07:18:718 [31merror[39m: [31mgagal memasukan data[39m
2021-09-12 19:07:54:754 [31merror[39m: [31mgagal memasukan data[39m
2021-09-12 19:07:56:756 [31merror[39m: [31mgagal memasukan data[39m
2021-09-12 19:08:44:844 [31merror[39m: [31mgagal memasukan data[39m
2021-09-12 19:08:46:846 [31merror[39m: [31mgagal memasukan data[39m
2021-09-12 19:10:21:1021 [31merror[39m: [31mgagal memasukan data[39m
2021-09-12 19:10:23:1023 [31merror[39m: [31mgagal memasukan data[39m
2021-09-12 19:14:38:1438 [31merror[39m: [31mdata and salt arguments required[39m
2021-09-12 19:14:40:1440 [31merror[39m: [31mdata and salt arguments required[39m
2021-09-12 19:17:20:1720 [31merror[39m: [31mgagal memasukan data[39m
2021-09-12 19:17:22:1722 [31merror[39m: [31mgagal memasukan data[39m
2021-09-12 19:18:22:1822 [31merror[39m: [31mgagal memasukan data[39m
2021-09-12 19:18:24:1824 [31merror[39m: [31mgagal memasukan data[39m
2021-09-12 19:19:40:1940 [31merror[39m: [31mgagal memasukan data[39m
2021-09-12 19:23:21:2321 [31merror[39m: [31mgagal memasukan data[39m
2021-09-12 19:23:22:2322 [31merror[39m: [31mgagal memasukan data[39m
2021-09-12 19:24:11:2411 [31merror[39m: [31mgagal memasukan data[39m
2021-09-12 19:24:11:2411 [31merror[39m: [31mgagal memasukan data[39m
2021-09-12 19:28:19:2819 [31merror[39m: [31mgagal memasukan data[39m
2021-09-12 19:28:19:2819 [31merror[39m: [31mgagal memasukan data[39m
2021-09-12 19:49:25:4925 [31merror[39m: [31mgagal memasukan data[39m
2021-09-12 19:49:25:4925 [31merror[39m: [31mgagal memasukan data[39m
2021-09-12 19:50:06:506 [31merror[39m: [31mgagal memasukan data[39m
2021-09-12 19:50:06:506 [31merror[39m: [31mgagal memasukan data[39m
2021-09-12 19:50:55:5055 [31merror[39m: [31mgagal memasukan data[39m
2021-09-12 19:50:55:5055 [31merror[39m: [31mgagal memasukan data[39m
2021-09-12 19:50:55:5055 [31merror[39m: [31mgagal memasukan data[39m
2021-09-12 19:55:13:5513 [31merror[39m: [31mgagal memasukan data[39m
2021-09-12 19:55:13:5513 [31merror[39m: [31mgagal memasukan data[39m
2021-09-12 19:55:13:5513 [31merror[39m: [31mgagal memasukan data[39m
2021-09-12 19:56:54:5654 [31merror[39m: [31mgagal memasukan data[39m
2021-09-12 20:01:25:125 [31merror[39m: [31mgagal memasukan data[39m
2021-09-12 20:01:50:150 [31merror[39m: [31mgagal memasukan data[39m
2021-09-12 20:07:35:735 [31merror[39m: [31mgagal memasukan data[39m
2021-09-12 20:08:11:811 [31merror[39m: [31mgagal memasukan data[39m
2021-09-12 20:08:55:855 [31merror[39m: [31mgagal memasukan data[39m
2021-09-12 20:23:38:2338 [31merror[39m: [31mgagal memasukan data[39m
2021-09-12 20:26:49:2649 [31merror[39m: [31mgagal memasukan data[39m
2021-09-12 20:32:16:3216 [31merror[39m: [31mgagal memasukan data[39m
2021-09-12 20:32:45:3245 [31merror[39m: [31mgagal memasukan data[39m
2021-09-12 20:46:28:4628 [31merror[39m: [31mgagal memasukan data[39m
2021-09-12 20:46:30:4630 [31merror[39m: [31mgagal memasukan data[39m
2021-09-12 20:53:43:5343 [31merror[39m: [31mgagal memasukan data[39m
2021-09-12 20:53:45:5345 [31merror[39m: [31mgagal memasukan data[39m
2021-09-12 20:53:45:5345 [31merror[39m: [31mgagal memasukan data[39m
2021-09-12 20:54:30:5430 [31merror[39m: [31mgagal memasukan data[39m
2021-09-12 20:54:31:5431 [31merror[39m: [31mgagal memasukan data[39m
2021-09-12 20:54:33:5433 [31merror[39m: [31mgagal memasukan data[39m
2021-09-12 20:57:35:5735 [31merror[39m: [31mgagal memasukan data[39m
2021-09-12 20:57:35:5735 [31merror[39m: [31mgagal memasukan data[39m
2021-09-12 20:57:38:5738 [31merror[39m: [31mgagal memasukan data[39m
2021-09-12 20:58:20:5820 [31merror[39m: [31mgagal memasukan data[39m
2021-09-12 20:58:20:5820 [31merror[39m: [31mgagal memasukan data[39m
2021-09-12 20:58:23:5823 [31merror[39m: [31mgagal memasukan data[39m
2021-09-12 21:00:16:016 [31merror[39m: [31mgagal memasukan data[39m
2021-09-12 21:00:17:017 [31merror[39m: [31mgagal memasukan data[39m
2021-09-12 21:00:19:019 [31merror[39m: [31mgagal memasukan data[39m
2021-09-12 21:00:57:057 [31merror[39m: [31mgagal memasukan data[39m
2021-09-12 21:00:57:057 [31merror[39m: [31mgagal memasukan data[39m
2021-09-12 21:00:59:059 [31merror[39m: [31mgagal memasukan data[39m
2021-09-12 21:07:46:746 [31merror[39m: [31mgagal memasukan data[39m
2021-09-12 21:07:46:746 [31merror[39m: [31mgagal memasukan data[39m
2021-09-12 21:07:46:746 [31merror[39m: [31mgagal memasukan data[39m
2021-09-12 21:07:47:747 [31merror[39m: [31mgagal memasukan data[39m
2021-09-12 21:07:49:749 [31merror[39m: [31mgagal memasukan data[39m
2021-09-12 21:10:15:1015 [31merror[39m: [31mgagal memasukan data[39m
2021-09-12 21:10:16:1016 [31merror[39m: [31mgagal memasukan data[39m
2021-09-12 21:10:16:1016 [31merror[39m: [31mgagal memasukan data[39m
2021-09-12 21:10:16:1016 [31merror[39m: [31mgagal memasukan data[39m
2021-09-12 21:10:18:1018 [31merror[39m: [31mgagal memasukan data[39m
2021-09-12 21:10:19:1019 [31merror[39m: [31mgagal memasukan data[39m
2021-09-12 21:10:20:1020 [31merror[39m: [31mgagal memasukan data[39m
2021-09-13 01:55:59:5559 [31merror[39m: [31mgagal memasukan data[39m
2021-09-13 01:55:59:5559 [31merror[39m: [31mgagal memasukan data[39m
2021-09-13 01:55:59:5559 [31merror[39m: [31mgagal memasukan data[39m
2021-09-13 01:55:59:5559 [31merror[39m: [31mgagal memasukan data[39m
2021-09-13 01:55:59:5559 [31merror[39m: [31mgagal memasukan data[39m
2021-09-13 01:56:06:566 [31merror[39m: [31mgagal memasukan data[39m
2021-09-13 01:56:06:566 [31merror[39m: [31mgagal memasukan data[39m
2021-09-13 01:59:29:5929 [31merror[39m: [31mgagal memasukan data[39m
2021-09-13 01:59:29:5929 [31merror[39m: [31mgagal memasukan data[39m
2021-09-13 01:59:29:5929 [31merror[39m: [31mgagal memasukan data[39m
2021-09-13 01:59:30:5930 [31merror[39m: [31mgagal memasukan data[39m
2021-09-13 01:59:30:5930 [31merror[39m: [31mgagal memasukan data[39m
2021-09-13 01:59:31:5931 [31merror[39m: [31mgagal memasukan data[39m
2021-09-13 01:59:31:5931 [31merror[39m: [31mgagal memasukan data[39m
2021-09-13 02:13:07:137 [31merror[39m: [31mgagal memasukan data[39m
2021-09-13 02:13:07:137 [31merror[39m: [31mgagal memasukan data[39m
2021-09-13 02:13:07:137 [31merror[39m: [31mgagal memasukan data[39m
2021-09-13 02:13:11:1311 [31merror[39m: [31mgagal memasukan data[39m
2021-09-13 02:13:11:1311 [31merror[39m: [31mgagal memasukan data[39m
2021-09-13 02:13:27:1327 [31merror[39m: [31mgagal memasukan data[39m
2021-09-13 02:13:27:1327 [31merror[39m: [31mgagal memasukan data[39m
2021-09-21 16:52:49:5249 [31merror[39m: [31mCannot read property 'password' of undefined[39m
2021-09-21 16:52:50:5250 [31merror[39m: [31mCannot read property 'password' of undefined[39m
2021-09-21 16:52:50:5250 [31merror[39m: [31mCannot read property 'password' of undefined[39m
2021-09-21 16:52:50:5250 [31merror[39m: [31mCannot read property 'password' of undefined[39m
2021-09-21 16:52:50:5250 [31merror[39m: [31mCannot read property 'password' of undefined[39m
2021-09-21 19:54:55:5455 [31merror[39m: [31mCannot read property 'password' of undefined[39m
2021-09-21 20:01:16:116 [31merror[39m: [31mCannot read property 'password' of undefined[39m
2021-09-21 20:04:26:426 [31merror[39m: [31mCannot read property 'password' of undefined[39m
2021-10-05 20:15:28:1528 [31merror[39m: [31mCannot read property 'password' of undefined[39m
2021-10-05 23:04:14:414 [31merror[39m: [31mCannot read property 'password' of undefined[39m
2021-10-05 23:04:14:414 [31merror[39m: [31mCannot read property 'password' of undefined[39m
2021-10-05 23:13:01:131 [31merror[39m: [31mCannot read property 'password' of undefined[39m
2021-10-06 22:41:02:412 [31merror[39m: [31mCannot read property 'password' of undefined[39m
2021-10-06 22:42:35:4235 [31merror[39m: [31mCannot read property 'password' of undefined[39m
2021-10-06 22:46:49:4649 [31merror[39m: [31mCannot read property 'password' of undefined[39m
2021-10-06 22:49:58:4958 [31merror[39m: [31mgagal memasukan data[39m
2021-10-13 17:03:23:323 [31merror[39m: [31mCannot read property 'password' of undefined[39m
2021-10-13 17:03:50:350 [31merror[39m: [31mCannot read property 'password' of undefined[39m
2021-10-14 01:18:17:1817 [31merror[39m: [31mCannot read property 'password' of undefined[39m
2021-10-14 01:18:17:1817 [31merror[39m: [31mCannot read property 'password' of undefined[39m
2021-10-18 19:44:48:4448 [31merror[39m: [31mCannot read property 'path' of undefined[39m
2021-10-18 19:45:48:4548 [31merror[39m: [31mnotNull Violation: products.produk_kategori_id cannot be null[39m
2021-10-18 19:48:10:4810 [31merror[39m: [31mCannot read property 'path' of undefined[39m
2021-10-18 19:52:44:5244 [31merror[39m: [31mCannot read property 'path' of undefined[39m
2021-10-18 19:56:00:560 [31merror[39m: [31mnotNull Violation: products.produk_kategori_id cannot be null[39m
2021-10-18 20:19:45:1945 [31merror[39m: [31mnotNull Violation: products.produk_kategori_id cannot be null[39m
2021-10-18 20:21:57:2157 [31merror[39m: [31mnotNull Violation: products.produk_kategori_id cannot be null[39m
2021-10-18 23:03:20:320 [31merror[39m: [31msalah memasukan data[39m
2021-10-18 23:04:25:425 [31merror[39m: [31msalah memasukan data[39m
2021-10-19 00:12:56:1256 [31merror[39m: [31minsert or update on table "products" violates foreign key constraint "products_produk_kategori_id_fkey"[39m
2021-10-19 00:15:52:1552 [31merror[39m: [31mnotNull Violation: products.produk_kategori_id cannot be null[39m
2021-10-19 00:17:16:1716 [31merror[39m: [31mnotNull Violation: products.produk_kategori_id cannot be null[39m
2021-10-19 00:18:14:1814 [31merror[39m: [31mnotNull Violation: products.produk_kategori_id cannot be null[39m
2021-10-19 00:22:14:2214 [31merror[39m: [31mnotNull Violation: products.produk_kategori_id cannot be null[39m
2021-10-19 00:50:03:503 [31merror[39m: [31mnotNull Violation: products.produk_kategori_id cannot be null[39m
2021-10-19 00:52:12:5212 [31merror[39m: [31mnotNull Violation: products.produk_kategori_id cannot be null[39m
2021-10-19 00:57:27:5727 [31merror[39m: [31mnotNull Violation: products.produk_kategori_id cannot be null[39m
2021-10-19 14:26:42:2642 [31merror[39m: [31mdata and salt arguments required[39m
2021-10-19 14:29:14:2914 [31merror[39m: [31mgagal mengubah data[39m
2021-10-19 14:30:25:3025 [31merror[39m: [31mgagal mengubah data[39m
2021-10-19 14:39:49:3949 [31merror[39m: [31mCannot read property 'path' of undefined[39m
2021-10-19 14:42:37:4237 [31merror[39m: [31mnotNull Violation: products.produk_kategori_id cannot be null[39m
2021-10-19 14:43:58:4358 [31merror[39m: [31mnotNull Violation: products.produk_kategori_id cannot be null[39m
2021-10-19 14:47:17:4717 [31merror[39m: [31mnotNull Violation: products.produk_kategori_id cannot be null[39m
2021-10-19 14:51:02:512 [31merror[39m: [31mnotNull Violation: products.produk_kategori_id cannot be null[39m
2021-10-19 14:53:48:5348 [31merror[39m: [31mnotNull Violation: products.produk_kategori_id cannot be null[39m
2021-10-19 16:05:42:542 [31merror[39m: [31mUnknown constraint error[39m
2021-10-19 18:02:28:228 [31merror[39m: [31minvalid input syntax for type integer: ""[39m
2021-10-19 18:03:11:311 [31merror[39m: [31minvalid input syntax for type integer: ""[39m
2021-10-19 18:06:10:610 [31merror[39m: [31minvalid input syntax for type integer: ""[39m
2021-10-19 18:06:59:659 [31merror[39m: [31minvalid input syntax for type integer: ""[39m
2021-10-19 21:34:34:3434 [31merror[39m: [31mCannot read property 'path' of undefined[39m
2021-10-19 21:35:35:3535 [31merror[39m: [31mCannot read property 'path' of undefined[39m
2021-10-19 21:35:43:3543 [31merror[39m: [31mCannot read property 'path' of undefined[39m
2021-10-19 21:39:29:3929 [31merror[39m: [31mggagal mengubah data[39m
2021-10-19 21:40:35:4035 [31merror[39m: [31mggagal mengubah data[39m
2021-10-19 22:40:49:4049 [31merror[39m: [31mggagal mengubah data[39m
2021-10-21 12:50:16:5016 [31merror[39m: [31mgagal memasukan data[39m
2021-10-21 13:02:40:240 [31merror[39m: [31mgagal memasukan data[39m
2021-10-21 13:05:31:531 [31merror[39m: [31mnotNull Violation: bags.bag_jumlah cannot be null,[39m
[31mnotNull Violation: bags.bag_produk_id cannot be null[39m
2021-10-21 13:07:03:73 [31merror[39m: [31mnotNull Violation: bags.bag_produk_id cannot be null[39m
2021-10-21 13:10:13:1013 [31merror[39m: [31mnotNull Violation: bags.bag_produk_id cannot be null[39m
2021-10-21 14:50:50:5050 [31merror[39m: [31mnotNull Violation: bags.bag_produk_id cannot be null[39m
2021-10-21 14:51:57:5157 [31merror[39m: [31mnotNull Violation: bags.bag_produk_id cannot be null[39m
2021-10-21 15:07:03:73 [31merror[39m: [31mnotNull Violation: bags.bag_produk_id cannot be null[39m
2021-10-21 15:29:20:2920 [31merror[39m: [31mnotNull Violation: bags.bag_produk_id cannot be null[39m
2021-10-21 15:52:29:5229 [31merror[39m: [31mnotNull Violation: bags.bag_produk_id cannot be null[39m
2021-10-21 16:04:50:450 [31merror[39m: [31mnotNull Violation: bags.bag_produk_id cannot be null[39m
2021-10-21 16:06:07:67 [31merror[39m: [31mnotNull Violation: bags.bag_produk_id cannot be null[39m
2021-10-21 16:12:00:120 [31merror[39m: [31mnotNull Violation: bags.bag_produk_id cannot be null[39m
2021-10-21 16:18:41:1841 [31merror[39m: [31mnotNull Violation: bags.bag_produk_id cannot be null[39m
2021-10-21 16:20:39:2039 [31merror[39m: [31mnotNull Violation: bags.bag_produk_id cannot be null[39m
2021-10-21 16:21:18:2118 [31merror[39m: [31mnotNull Violation: bags.bag_produk_id cannot be null[39m
2021-10-21 16:23:22:2322 [31merror[39m: [31mnotNull Violation: bags.bag_produk_id cannot be null[39m
2021-10-21 16:25:14:2514 [31merror[39m: [31mnotNull Violation: bags.bag_produk_id cannot be null[39m
2021-10-21 16:25:15:2515 [31merror[39m: [31mnotNull Violation: bags.bag_produk_id cannot be null[39m
2021-10-21 16:25:15:2515 [31merror[39m: [31mnotNull Violation: bags.bag_produk_id cannot be null[39m
2021-10-21 16:25:15:2515 [31merror[39m: [31mnotNull Violation: bags.bag_produk_id cannot be null[39m
2021-10-21 16:25:16:2516 [31merror[39m: [31mnotNull Violation: bags.bag_produk_id cannot be null[39m
2021-10-21 16:25:16:2516 [31merror[39m: [31mnotNull Violation: bags.bag_produk_id cannot be null[39m
2021-10-21 16:25:16:2516 [31merror[39m: [31mnotNull Violation: bags.bag_produk_id cannot be null[39m
2021-10-21 16:25:16:2516 [31merror[39m: [31mnotNull Violation: bags.bag_produk_id cannot be null[39m
2021-10-21 16:45:00:450 [31merror[39m: [31mnotNull Violation: bags.bag_produk_id cannot be null[39m
2021-10-21 16:46:39:4639 [31merror[39m: [31mnotNull Violation: bags.bag_produk_id cannot be null[39m
2021-10-21 16:49:03:493 [31merror[39m: [31mnotNull Violation: bags.bag_produk_id cannot be null[39m
2021-10-21 16:49:33:4933 [31merror[39m: [31mnotNull Violation: bags.bag_produk_id cannot be null[39m
2021-10-21 16:51:12:5112 [31merror[39m: [31mnotNull Violation: bags.bag_produk_id cannot be null[39m
2021-10-21 16:51:16:5116 [31merror[39m: [31mnotNull Violation: bags.bag_produk_id cannot be null[39m
2021-10-21 16:51:52:5152 [31merror[39m: [31mnotNull Violation: bags.bag_produk_id cannot be null[39m
2021-10-21 16:54:23:5423 [31merror[39m: [31mnotNull Violation: bags.bag_produk_id cannot be null[39m
2021-10-21 16:54:57:5457 [31merror[39m: [31mnotNull Violation: bags.bag_produk_id cannot be null[39m
2021-10-21 16:56:55:5655 [31merror[39m: [31mnotNull Violation: bags.bag_produk_id cannot be null[39m
2021-10-21 16:58:19:5819 [31merror[39m: [31mnotNull Violation: bags.bag_produk_id cannot be null[39m
2021-10-21 17:09:32:932 [31merror[39m: [31mnotNull Violation: bags.bag_produk_id cannot be null[39m
2021-10-21 17:14:36:1436 [31merror[39m: [31mnotNull Violation: bags.bag_produk_id cannot be null[39m
2021-10-21 17:20:23:2023 [31merror[39m: [31mnotNull Violation: bags.bag_produk_id cannot be null[39m
2021-10-21 17:22:15:2215 [31merror[39m: [31mnotNull Violation: bags.bag_produk_id cannot be null[39m
2021-10-21 17:23:52:2352 [31merror[39m: [31mnotNull Violation: bags.bag_produk_id cannot be null[39m
2021-10-21 17:24:08:248 [31merror[39m: [31mnotNull Violation: bags.bag_produk_id cannot be null[39m
2021-10-21 17:28:12:2812 [31merror[39m: [31mnotNull Violation: bags.bag_produk_id cannot be null[39m
2021-10-21 17:32:39:3239 [31merror[39m: [31mnotNull Violation: bags.bag_produk_id cannot be null[39m
2021-10-21 17:34:25:3425 [31merror[39m: [31mnotNull Violation: bags.bag_produk_id cannot be null[39m
2021-10-21 17:36:14:3614 [31merror[39m: [31mnotNull Violation: bags.bag_produk_id cannot be null[39m
2021-10-21 17:36:39:3639 [31merror[39m: [31mnotNull Violation: bags.bag_produk_id cannot be null[39m
2021-10-21 17:37:59:3759 [31merror[39m: [31mnotNull Violation: bags.bag_produk_id cannot be null[39m
2021-10-21 17:38:18:3818 [31merror[39m: [31mnotNull Violation: bags.bag_produk_id cannot be null[39m
2021-10-21 17:39:47:3947 [31merror[39m: [31mnotNull Violation: bags.bag_produk_id cannot be null[39m
2021-10-21 17:40:34:4034 [31merror[39m: [31mnotNull Violation: bags.bag_produk_id cannot be null[39m
2021-10-21 17:43:23:4323 [31merror[39m: [31mnotNull Violation: bags.bag_produk_id cannot be null[39m
2021-10-21 17:44:19:4419 [31merror[39m: [31mnotNull Violation: bags.bag_produk_id cannot be null[39m
2021-10-21 17:50:27:5027 [31merror[39m: [31mnotNull Violation: bags.bag_produk_id cannot be null[39m
2021-10-21 17:51:18:5118 [31merror[39m: [31mnotNull Violation: bags.bag_produk_id cannot be null[39m
2021-10-21 17:51:35:5135 [31merror[39m: [31mnotNull Violation: bags.bag_produk_id cannot be null[39m
2021-10-21 17:51:44:5144 [31merror[39m: [31mnotNull Violation: bags.bag_produk_id cannot be null[39m
2021-10-21 18:01:25:125 [31merror[39m: [31mnotNull Violation: bags.bag_produk_id cannot be null[39m
2021-10-21 18:08:25:825 [31merror[39m: [31mnotNull Violation: bags.bag_produk_id cannot be null[39m
2021-10-21 18:08:39:839 [31merror[39m: [31mnotNull Violation: bags.bag_produk_id cannot be null[39m
2021-10-21 18:09:50:950 [31merror[39m: [31mnotNull Violation: bags.bag_produk_id cannot be null[39m
2021-10-21 18:10:24:1024 [31merror[39m: [31mnotNull Violation: bags.bag_produk_id cannot be null[39m
2021-10-21 18:12:16:1216 [31merror[39m: [31mnotNull Violation: bags.bag_produk_id cannot be null[39m
2021-10-21 18:20:58:2058 [31merror[39m: [31mnotNull Violation: bags.bag_produk_id cannot be null[39m
2021-10-21 19:16:57:1657 [31merror[39m: [31mnotNull Violation: bags.bag_produk_id cannot be null[39m
2021-10-21 19:19:52:1952 [31merror[39m: [31mnotNull Violation: bags.bag_produk_id cannot be null[39m
2021-10-21 19:20:29:2029 [31merror[39m: [31mnotNull Violation: bags.bag_produk_id cannot be null[39m
2021-10-21 19:20:45:2045 [31merror[39m: [31mnotNull Violation: bags.bag_produk_id cannot be null[39m
2021-10-21 19:24:24:2424 [31merror[39m: [31mnotNull Violation: bags.bag_produk_id cannot be null[39m
2021-10-21 19:26:02:262 [31merror[39m: [31mnotNull Violation: bags.bag_produk_id cannot be null[39m
2021-10-21 19:26:45:2645 [31merror[39m: [31mnotNull Violation: bags.bag_produk_id cannot be null[39m
2021-10-21 19:27:12:2712 [31merror[39m: [31mnotNull Violation: bags.bag_produk_id cannot be null[39m
2021-10-21 19:27:44:2744 [31merror[39m: [31mnotNull Violation: bags.bag_produk_id cannot be null[39m
2021-10-21 19:29:24:2924 [31merror[39m: [31mnotNull Violation: bags.bag_produk_id cannot be null[39m
2021-10-21 19:31:13:3113 [31merror[39m: [31mnotNull Violation: bags.bag_produk_id cannot be null[39m
2021-10-21 19:32:09:329 [31merror[39m: [31mnotNull Violation: bags.bag_produk_id cannot be null[39m
2021-10-21 19:35:03:353 [31merror[39m: [31mnotNull Violation: bags.bag_produk_id cannot be null[39m
2021-10-21 19:35:29:3529 [31merror[39m: [31mnotNull Violation: bags.bag_produk_id cannot be null[39m
2021-10-21 19:47:22:4722 [31merror[39m: [31mnotNull Violation: bags.bag_produk_id cannot be null[39m
2021-10-21 19:49:04:494 [31merror[39m: [31mnotNull Violation: bags.bag_produk_id cannot be null[39m
2021-10-21 19:49:36:4936 [31merror[39m: [31mnotNull Violation: bags.bag_produk_id cannot be null[39m
2021-10-21 19:50:18:5018 [31merror[39m: [31mnotNull Violation: bags.bag_produk_id cannot be null[39m
2021-10-21 19:59:46:5946 [31merror[39m: [31mnotNull Violation: bags.bag_produk_id cannot be null[39m
2021-10-21 20:01:16:116 [31merror[39m: [31mnotNull Violation: bags.bag_produk_id cannot be null[39m
2021-10-21 20:13:32:1332 [31merror[39m: [31mnotNull Violation: bags.bag_produk_id cannot be null[39m
2021-10-21 20:14:00:140 [31merror[39m: [31mnotNull Violation: bags.bag_produk_id cannot be null[39m
2021-10-21 20:16:18:1618 [31merror[39m: [31mnotNull Violation: bags.bag_produk_id cannot be null[39m
2021-10-21 21:30:23:3023 [31merror[39m: [31minsert or update on table "bags" violates foreign key constraint "bags_bag_produk_id_fkey"[39m
2021-10-24 22:28:53:2853 [31merror[39m: [31mnotNull Violation: bags.bag_produk_id cannot be null[39m
2021-10-24 22:33:50:3350 [31merror[39m: [31mnotNull Violation: bags.bag_produk_id cannot be null[39m
2021-10-24 22:34:21:3421 [31merror[39m: [31mnotNull Violation: bags.bag_produk_id cannot be null[39m
2021-10-24 23:16:29:1629 [31merror[39m: [31mnotNull Violation: bags.bag_produk_id cannot be null[39m
2021-10-24 23:16:57:1657 [31merror[39m: [31mnotNull Violation: bags.bag_produk_id cannot be null[39m
2021-10-24 23:19:01:191 [31merror[39m: [31mnotNull Violation: bags.bag_produk_id cannot be null[39m
2021-10-24 23:19:25:1925 [31merror[39m: [31mnotNull Violation: bags.bag_produk_id cannot be null[39m
2021-10-24 23:19:46:1946 [31merror[39m: [31mnotNull Violation: bags.bag_produk_id cannot be null[39m
2021-10-24 23:20:00:200 [31merror[39m: [31mnotNull Violation: bags.bag_produk_id cannot be null[39m
2021-10-24 23:25:09:259 [31merror[39m: [31mnotNull Violation: bags.bag_produk_id cannot be null[39m
2021-10-24 23:25:26:2526 [31merror[39m: [31mnotNull Violation: bags.bag_produk_id cannot be null[39m
2021-10-24 23:45:38:4538 [31merror[39m: [31mnotNull Violation: bags.bag_produk_id cannot be null[39m
2021-10-24 23:46:36:4636 [31merror[39m: [31mnotNull Violation: bags.bag_produk_id cannot be null[39m
2021-10-24 23:47:08:478 [31merror[39m: [31mnotNull Violation: bags.bag_produk_id cannot be null[39m
2021-10-24 23:49:06:496 [31merror[39m: [31mnotNull Violation: bags.bag_produk_id cannot be null[39m
2021-10-24 23:50:34:5034 [31merror[39m: [31mnotNull Violation: bags.bag_produk_id cannot be null[39m
2021-10-24 23:53:25:5325 [31merror[39m: [31mnotNull Violation: bags.bag_produk_id cannot be null[39m
2021-10-24 23:53:53:5353 [31merror[39m: [31mnotNull Violation: bags.bag_produk_id cannot be null[39m
2021-10-24 23:53:57:5357 [31merror[39m: [31mnotNull Violation: bags.bag_produk_id cannot be null[39m
2021-10-24 23:54:27:5427 [31merror[39m: [31mnotNull Violation: bags.bag_produk_id cannot be null[39m
2021-10-25 00:03:08:38 [31merror[39m: [31mnotNull Violation: bags.bag_produk_id cannot be null[39m
2021-10-25 00:23:05:235 [31merror[39m: [31mnotNull Violation: bags.bag_produk_id cannot be null[39m
